#
# A fatal error has been detected by the Java Runtime Environment:
#
#  EXCEPTION_ACCESS_VIOLATION (0xc0000005) at pc=0x00007ffbbb603004, pid=8052, tid=4120
#
# JRE version: OpenJDK Runtime Environment (24.0+36) (build 24+36-3646)
# Java VM: OpenJDK 64-Bit Server VM (24+36-3646, mixed mode, sharing, tiered, compressed oops, compressed class ptrs, g1 gc, windows-amd64)
# Problematic frame:
# C  0x00007ffbbb603004
#
# No core dump will be written. Minidumps are not enabled by default on client versions of Windows
#
# JFR recording file will be written. Location: C:\Users\afour\IdeaProjects\SAE2.01\hs_err_pid8052.jfr
#
# If you would like to submit a bug report, please visit:
#   https://bugreport.java.com/bugreport/crash.jsp
# The crash happened outside the Java Virtual Machine in native code.
# See problematic frame for where to report the bug.
#

---------------  S U M M A R Y ------------

Command Line: --module-path=C:/javafx-sdk-24/lib --add-modules=javafx.controls,javafx.fxml --enable-native-access=javafx.graphics -javaagent:C:\Program Files\JetBrains\IntelliJ IDEA 2024.3.5\lib\idea_rt.jar=51136 -Dfile.encoding=UTF-8 -Dsun.stdout.encoding=UTF-8 -Dsun.stderr.encoding=UTF-8 Main

Host: AMD Ryzen 7 5700X3D 8-Core Processor           , 16 cores, 31G,  Windows 11 , 64 bit Build 22621 (10.0.22621.4974)
Time: Thu Apr 10 10:16:16 2025 Paris, Madrid (heure duild 22621 (10.0.22621.4974) elapsed time: 11.718946 seconds (0d 0h 0m 11s)

---------------  T H R E A D  ---------------

Current thread (0x000002a7688c6300):  JavaThread "Attach Listener" daemon [_thread_in_native, id=4120, stack(0x000000b730200000,0x000000b730300000) (1024K)]

Stack: [0x000000b730200000,0x000000b730300000],  sp=0x000000b7302febc0,  free space=1018k
Native frames: (J=compiled Java code, j=interpreted, Vv=VM code, C=native code)
C  0x00007ffbbb603004  (no source info available)
C  0x00007ffbbb6034db  (no source info available)
C  0x00007ffbbb602134  (no source info available)
C  0x00007ffbbb6029aa  (no source info available)
C  0x00007ffbbb5fd561  (no source info available)
C  0x00007ffbbb5eef21  (no source info available)
C  0x00007ffbbb5edc38  (no source info available)
C  0x00007ffbbb5edb20  (no source info available)
C  0x00007ffbbb5f4af9  (no source info available)
V  [jvm.dll+0x57f1b7]  (no source info available)
V  [jvm.dll+0x57ff2c]  (no source info available)
V  [jvm.dll+0x14c9b7]  (no source info available)
V  [jvm.dll+0x14df81]  (no source info available)
V  [jvm.dll+0x42f566]  (no source info available)
V  [jvm.dll+0x87d8fb]  (no source info available)
V  [jvm.dll+0x72efe5]  (no source info available)
C  [ucrtbase.dll+0x29333]  (no source info available)
C  [KERNEL32.DLL+0x1259d]  (no source info available)
C  [ntdll.dll+0x5af38]  (no source info available)


siginfo: EXCEPTION_ACCESS_VIOLATION (0xc0000005), reading address 0xffffffffffffffff


Registers:
RAX=0x0000000000000010, RBX=0x0000000000000000, RCX=0xffffffffffffffff, RDX=0x007ffb97c32ff010
RSP=0x000000b7302febc0, RBP=0x000002a7aea7e9b8, RSI=0x000000b7302fed30, RDI=0x000002a7aea7e9b8
R8 =0x0000000000000042, R9 =0x000000061dc34010, R10=0x00007ffb97ea9fc0, R11=0x0000000000000004
R12=0x000000b7302fed30, R13=0x000002a7af1ab280, R14=0x000002a7688c66c8, R15=0x000002a7688c66c8
RIP=0x00007ffbbb603004, EFLAGS=0x0000000000010202

XMM[0]=0x0000000000000000 0x0000000000000000
XMM[1]=0x0000000000000000 0x0000000000000000
XMM[2]=0x0000000000000000 0x0000000000000000
XMM[3]=0x0000000000000000 0x0000000000000000
XMM[4]=0x0000000000000000 0x0000000000000000
XMM[5]=0x0000000000000000 0x0000000000000000
XMM[6]=0x0000000000000000 0x0000000000000000
XMM[7]=0x0000000000000000 0x0000000000000000
XMM[8]=0x0000000000000000 0x0000000000000000
XMM[9]=0x0000000000000000 0x0000000000000000
XMM[10]=0x0000000000000000 0x0000000000000000
XMM[11]=0x0000000000000000 0x0000000000000000
XMM[12]=0x0000000000000000 0x0000000000000000
XMM[13]=0x0000000000000000 0x0000000000000000
XMM[14]=0x0000000000000000 0x0000000000000000
XMM[15]=0x0000000000000000 0x0000000000000000
  MXCSR=0x00001fa0


Register to memory mapping:

RAX=0x0000000000000010 is an unknown value
RBX=0x0 is null
RCX=0xffffffffffffffff is an unknown value
RDX=0x007ffb97c32ff010 is an unknown value
RSP=0x000000b7302febc0 is pointing into the stack for thread: 0x000002a7688c6300
RBP=0x000002a7aea7e9b8 points into unknown readable memory: 0x000000061dc34010 | 10 40 c3 1d 06 00 00 00
RSI=0x000000b7302fed30 is pointing into the stack for thread: 0x000002a7688c6300
RDI=0x000002a7aea7e9b8 points into unknown readable memory: 0x000000061dc34010 | 10 40 c3 1d 06 00 00 00
R8 =0x0000000000000042 is an unknown value
R9 =0x000000061dc34010 is an oop: java.lang.Thread 
{0x000000061dc34010} - klass: 'java/lang/Thread' - flags: 

 - ---- fields (total size 14 words):
 - 'threadLocalRandomProbe' 'I' @12  0 (0x00000000)
 - private volatile 'eetop' 'J' @16  2917413139664 (0x000002a7435fb4d0)
 - private final 'tid' 'J' @24  3 (0x0000000000000003)
 - 'threadLocalRandomSeed' 'J' @32  0 (0x0000000000000000)
 - injected 'jvmti_thread_state' 'J' @40  2919222724592 (0x000002a7af3bc7f0)
 - 'threadLocalRandomSecondarySeed' 'I' @48  0 (0x00000000)
 - injected 'jvmti_VTMS_transition_disable_count' 'I' @52  0 (0x00000000)
 - injected 'jfr_epoch' 'S' @56  0 (0x0000)
 - volatile 'interrupted' 'Z' @58  false (0x00)
 - injected 'jvmti_is_in_VTMS_transition' 'Z' @59  false (0x00)
 - private volatile 'name' 'Ljava/lang/String;' @60  "main"{0x000000061dc376a0} (0xc3b86ed4)
 - private volatile 'contextClassLoader' 'Ljava/lang/ClassLoader;' @64  a 'jdk/internal/loader/ClassLoaders$AppClassLoader'{0x000000061dc116a8} (0xc3b822d5)
 - private final 'holder' 'Ljava/lang/Thread$FieldHolder;' @68  a 'java/lang/Thread$FieldHolder'{0x000000061dc376d0} (0xc3b86eda)
 - 'threadLocals' 'Ljava/lang/ThreadLocal$ThreadLocalMap;' @72  a 'java/lang/ThreadLocal$ThreadLocalMap'{0x000000061dc376f8} (0xc3b86edf)
 - 'inheritableThreadLocals' 'Ljava/lang/ThreadLocal$ThreadLocalMap;' @76  null (0x00000000)
 - private 'scopedValueBindings' 'Ljava/lang/Object;' @80  a 'java/lang/Class'{0x00000007ffc7c280} = 'java/lang/Thread' (0xfff8f850)
 - final 'interruptLock' 'Ljava/lang/Object;' @84  a 'java/lang/Object'{0x000000061dc37910} (0xc3b86f22)
 - private volatile 'parkBlocker' 'Ljava/lang/Object;' @88  a 'java/util/concurrent/CountDownLatch$Sync'{0x000000061dc33ff0} (0xc3b867fe)
 - private 'nioBlocker' 'Lsun/nio/ch/Interruptible;' @92  null (0x00000000)
 - private 'cont' 'Ljdk/internal/vm/Continuation;' @96  null (0x00000000)
 - private volatile 'uncaughtExceptionHandler' 'Ljava/lang/Thread$UncaughtExceptionHandler;' @100  null (0x00000000)
 - private 'container' 'Ljdk/internal/vm/ThreadContainer;' @104  null (0x00000000)
 - private volatile 'headStackableScopes' 'Ljdk/internal/vm/StackableScope;' @108  null (0x00000000)
R10=0x00007ffb97ea9fc0 jvm.dll
R11=0x0000000000000004 is an unknown value
R12=0x000000b7302fed30 is pointing into the stack for thread: 0x000002a7688c6300
R13=0x000002a7af1ab280 points into unknown readable memory: 0x00007ffb97e1a510 | 10 a5 e1 97 fb 7f 00 00
R14=0x000002a7688c66c8 points into unknown readable memory: 0x00007ffb97e117b0 | b0 17 e1 97 fb 7f 00 00
R15=0x000002a7688c66c8 points into unknown readable memory: 0x00007ffb97e117b0 | b0 17 e1 97 fb 7f 00 00

Top of Stack: (sp=0x000000b7302febc0)
0x000000b7302febc0:   000000b7302fed30 000002a7aea7e9b8   0./0............
0x000000b7302febd0:   0000000000000000 000002a7688c6a50   ........Pj.h....
0x000000b7302febe0:   000000000000003f 00007ffbbb6034db   ?........4`.....
0x000000b7302febf0:   0000000000000000 000002a7688c66c8   .........f.h....
0x000000b7302fec00:   000000b7302fed01 0000000000000000   ../0............
0x000000b7302fec10:   000002a7af52ee80 00007ffbbb602134   ..R.....4!`.....
0x000000b7302fec20:   0000000000000000 000000000000003f   ........?.......
0x000000b7302fec30:   0000000000000000 000000000000003f   ........?.......
0x000000b7302fec40:   00000013b97ea040 000002a768955090   @.~......P.h....
0x000000b7302fec50:   000002a7af52ee80 000002a7af52ef7c   ..R.....|.R.....
0x000000b7302fec60:   000002a7af52ef7c 0000000000004ad4   |.R......J......
0x000000b7302fec70:   0000000000000000 0000000000000000   ................
0x000000b7302fec80:   0000000000000000 00007ffb976758e4   .........Xg.....
0x000000b7302fec90:   00007ffbbb75ae00 0000000000001f74   ..u.....t.......
0x000000b7302feca0:   00007ffbbb75ae00 00000000ffffffff   ..u.............
0x000000b7302fecb0:   0000000000000000 00007ffbbb6029aa   .........)`.....
0x000000b7302fecc0:   000002a7688c66c8 0000000000000000   .f.h............
0x000000b7302fecd0:   000000b7302fed39 000002a7af1ab280   9./0............
0x000000b7302fece0:   0000000000000003 0000000000000048   ........H.......
0x000000b7302fecf0:   0000000800800310 0000000000000020   ........ .......
0x000000b7302fed00:   000002a7688c66c8 00007ffbbb75ae00   .f.h......u.....
0x000000b7302fed10:   000002a7688c8de0 000002a7af3bc7f0   ...h......;.....
0x000000b7302fed20:   0000000800800390 000002a7688c66c8   .........f.h....
0x000000b7302fed30:   000002a7b8d058e0 000002a7b8d060c0   .X.......`......
0x000000b7302fed40:   000002a7b8d060c0 00007ffbbb75ae00   .`........u.....
0x000000b7302fed50:   000002a7af2bfff0 000002a7411d0000   ..+........A....
0x000000b7302fed60:   000000b7302ff000 0000000000008840   ../0....@.......
0x000000b7302fed70:   000000b7302ff1e0 00007ffbbb75ae50   ../0....P.u.....
0x000000b7302fed80:   0000000000989680 0000000000989680   ................
0x000000b7302fed90:   000000b7302feea0 00007ffbbb5fd561   ../0....a._.....
0x000000b7302feda0:   00007ffbbb75ae00 00007ffbbb75ae58   ..u.....X.u.....
0x000000b7302fedb0:   00007ffb00000000 00007ffb00000001   ................

Instructions: (pc=0x00007ffbbb603004)
  0x00007ffbbb602f04:   cc cc cc cc cc cc cc cc cc cc cc cc cc cc cc cc
  0x00007ffbbb602f14:   cc cc cc cc cc cc cc cc cc cc cc cc cc cc cc cc
  0x00007ffbbb602f24:   cc cc cc cc cc cc cc cc cc cc cc cc cc cc cc cc
  0x00007ffbbb602f34:   cc cc cc cc cc cc cc cc cc cc cc cc cc cc cc cc
  0x00007ffbbb602f44:   cc cc cc cc cc cc cc cc cc cc cc cc cc cc cc cc
  0x00007ffbbb602f54:   cc cc cc cc cc cc cc cc cc cc cc cc cc cc cc cc
  0x00007ffbbb602f64:   cc cc cc cc cc cc cc cc cc cc cc cc cc cc cc cc
  0x00007ffbbb602f74:   cc cc cc cc cc cc cc cc cc cc cc cc cc cc cc cc
  0x00007ffbbb602f84:   cc cc cc cc cc cc cc cc cc cc cc cc 40 57 48 83
  0x00007ffbbb602f94:   ec 20 48 8b f9 48 8b 0d 30 80 15 00 48 85 c9 74
  0x00007ffbbb602fa4:   20 48 8b 01 48 8d 54 24 38 41 b8 06 00 01 00 4c
  0x00007ffbbb602fb4:   8b 48 30 41 ff d1 85 c0 75 07 48 8b 4c 24 38 eb
  0x00007ffbbb602fc4:   02 33 c9 4c 8b 05 0a 81 15 00 48 89 5c 24 30 4d
  0x00007ffbbb602fd4:   85 c0 74 4a 48 8b 01 48 8b d7 4c 8b 88 28 03 00
  0x00007ffbbb602fe4:   00 41 ff d1 48 85 c0 74 35 48 63 0d b8 3d 15 00
  0x00007ffbbb602ff4:   48 8b 14 01 48 85 d2 74 15 48 63 05 bc 3d 15 00
=>0x00007ffbbb603004:   8b 04 10 48 8b 5c 24 30 48 83 c4 20 5f c3 b8 ff
  0x00007ffbbb603014:   ff ff ff 48 8b 5c 24 30 48 83 c4 20 5f c3 80 3d
  0x00007ffbbb603024:   bb 7f 15 00 00 bb ff ff ff ff 74 20 4c 8b 0d 51
  0x00007ffbbb603034:   7c 15 00 4c 8d 44 24 38 48 8b 0d 35 7c 15 00 48
  0x00007ffbbb603044:   8b d7 41 ff d1 85 c0 0f 44 5c 24 38 8b c3 48 8b
  0x00007ffbbb603054:   5c 24 30 48 83 c4 20 5f c3 cc cc cc cc cc cc cc
  0x00007ffbbb603064:   cc cc cc cc cc cc cc cc cc cc cc cc cc cc cc cc
  0x00007ffbbb603074:   cc cc cc cc cc cc cc cc cc cc cc cc cc cc cc cc
  0x00007ffbbb603084:   cc cc cc cc cc cc cc cc cc cc cc cc 48 89 54 24
  0x00007ffbbb603094:   10 53 55 56 57 41 56 41 57 48 83 ec 28 48 8b f2
  0x00007ffbbb6030a4:   4c 8b f1 48 89 4c 24 78 45 33 ff 44 89 7c 24 68
  0x00007ffbbb6030b4:   c7 44 24 60 01 00 00 00 48 8d 4c 24 68 e8 69 3c
  0x00007ffbbb6030c4:   f7 ff 8b d8 48 8d 4c 24 60 e8 5d 3c f7 ff 8b e8
  0x00007ffbbb6030d4:   49 8b ce e8 33 f3 f6 ff 48 8b f8 90 8b c3 f0 0f
  0x00007ffbbb6030e4:   b1 2f 74 04 f3 90 eb f4 4c 89 3e 4c 89 7e 08 4c
  0x00007ffbbb6030f4:   89 7e 10 49 8b 6e 08 4d 8b 76 10 49 3b ee 0f 84


Stack slot to memory mapping:

stack at sp + 0 slots: 0x000000b7302fed30 is pointing into the stack for thread: 0x000002a7688c6300
stack at sp + 1 slots: 0x000002a7aea7e9b8 points into unknown readable memory: 0x000000061dc34010 | 10 40 c3 1d 06 00 00 00
stack at sp + 2 slots: 0x0 is null
stack at sp + 3 slots: 0x000002a7688c6a50 points into unknown readable memory: 0x6e616c2e6176616a | 6a 61 76 61 2e 6c 61 6e
stack at sp + 4 slots: 0x000000000000003f is an unknown value
stack at sp + 5 slots: 0x00007ffbbb6034db points into unknown readable memory: 44 8b d8 83 f8
stack at sp + 6 slots: 0x0 is null
stack at sp + 7 slots: 0x000002a7688c66c8 points into unknown readable memory: 0x00007ffb97e117b0 | b0 17 e1 97 fb 7f 00 00

Lock stack of current Java thread (top to bottom):


---------------  P R O C E S S  ---------------

Threads class SMR info:
_java_thread_list=0x000002a7ae714310, length=33, elements={
0x000002a7435fb4d0, 0x000002a7688c1820, 0x000002a7688c1f60, 0x000002a7688c3540,
0x000002a7688c6300, 0x000002a7688c8250, 0x000002a7688cbaf0, 0x000002a7688db380,
0x000002a7688d0330, 0x000002a7689a0df0, 0x000002a768a44a50, 0x000002a768a44300,
0x000002a768a458f0, 0x000002a768a451a0, 0x000002a768a46040, 0x000002a768a46ee0,
0x000002a768a47630, 0x000002a768a46790, 0x000002a7aeb9abf0, 0x000002a7aeb95b80,
0x000002a7aeb9a4a0, 0x000002a7aeb99d50, 0x000002a768ab8d10, 0x000002a7ae4f9a00,
0x000002a7aeb978c0, 0x000002a7ae0be3d0, 0x000002a7ae2a8ad0, 0x000002a7af78bf50,
0x000002a7aeb9c1e0, 0x000002a7b69965d0, 0x000002a7b69986b0, 0x000002a7b6999b60,
0x000002a7ae70b460
}

Java Threads: ( => current thread )
  0x000002a7435fb4d0 JavaThread "main"                              [_thread_blocked, id=11640, stack(0x000000b72f700000,0x000000b72f800000) (1024K)]
  0x000002a7688c1820 JavaThread "Reference Handler"          daemon [_thread_blocked, id=16200, stack(0x000000b72ff00000,0x000000b730000000) (1024K)]
  0x000002a7688c1f60 JavaThread "Finalizer"                  daemon [_thread_blocked, id=9796, stack(0x000000b730000000,0x000000b730100000) (1024K)]
  0x000002a7688c3540 JavaThread "Signal Dispatcher"          daemon [_thread_blocked, id=9020, stack(0x000000b730100000,0x000000b730200000) (1024K)]
=>0x000002a7688c6300 JavaThread "Attach Listener"            daemon [_thread_in_native, id=4120, stack(0x000000b730200000,0x000000b730300000) (1024K)]
  0x000002a7688c8250 JavaThread "Service Thread"             daemon [_thread_blocked, id=356, stack(0x000000b730300000,0x000000b730400000) (1024K)]
  0x000002a7688cbaf0 JavaThread "Monitor Deflation Thread"   daemon [_thread_blocked, id=20068, stack(0x000000b730400000,0x000000b730500000) (1024K)]
  0x000002a7688db380 JavaThread "C2 CompilerThread0"         daemon [_thread_blocked, id=19576, stack(0x000000b730500000,0x000000b730600000) (1024K)]
  0x000002a7688d0330 JavaThread "C1 CompilerThread0"         daemon [_thread_blocked, id=20620, stack(0x000000b730600000,0x000000b730700000) (1024K)]
  0x000002a7689a0df0 JavaThread "C1 CompilerThread1"         daemon [_thread_blocked, id=12904, stack(0x000000b730700000,0x000000b730800000) (1024K)]
  0x000002a768a44a50 JavaThread "Common-Cleaner"             daemon [_thread_blocked, id=16904, stack(0x000000b730800000,0x000000b730900000) (1024K)]
  0x000002a768a44300 JavaThread "Monitor Ctrl-Break"         daemon [_thread_in_native, id=11096, stack(0x000000b730e00000,0x000000b730f00000) (1024K)]
  0x000002a768a458f0 JavaThread "Notification Thread"        daemon [_thread_blocked, id=5388, stack(0x000000b730f00000,0x000000b731000000) (1024K)]
  0x000002a768a451a0 JavaThread "QuantumRenderer-0"          daemon [_thread_blocked, id=18848, stack(0x000000b731200000,0x000000b731300000) (1024K)]
  0x000002a768a46040 JavaThread "RMI TCP Accept-0"           daemon [_thread_in_native, id=6376, stack(0x000000b731000000,0x000000b731100000) (1024K)]
  0x000002a768a46ee0 JavaThread "RMI TCP Connection(1)-192.168.137.1" daemon [_thread_in_native, id=21720, stack(0x000000b730a00000,0x000000b730b00000) (1024K)]
  0x000002a768a47630 JavaThread "RMI Scheduler(0)"           daemon [_thread_blocked, id=19068, stack(0x000000b730c00000,0x000000b730d00000) (1024K)]
  0x000002a768a46790 JavaThread "JMX server connection timeout 41" daemon [_thread_blocked, id=2700, stack(0x000000b731100000,0x000000b731200000) (1024K)]
  0x000002a7aeb9abf0 JavaThread "InvokeLaterDispatcher"      daemon [_thread_blocked, id=21772, stack(0x000000b731300000,0x000000b731400000) (1024K)]
  0x000002a7aeb95b80 JavaThread "JavaFX Application Thread"         [_thread_in_native, id=17192, stack(0x000000b731400000,0x000000b731500000) (1024K)]
  0x000002a7aeb9a4a0 JavaThread "JavaFX-Launcher"                   [_thread_blocked, id=18680, stack(0x000000b731c00000,0x000000b731d00000) (1024K)]
  0x000002a7aeb99d50 JavaThread "Thread-2"                   daemon [_thread_in_native, id=18908, stack(0x000000b731b00000,0x000000b731c00000) (1024K)]
  0x000002a768ab8d10 JavaThread "C2 CompilerThread1"         daemon [_thread_blocked, id=19756, stack(0x000000b730900000,0x000000b730a00000) (1024K)]
  0x000002a7ae4f9a00 JavaThread "C2 CompilerThread2"         daemon [_thread_blocked, id=3444, stack(0x000000b730b00000,0x000000b730c00000) (1024K)]
  0x000002a7aeb978c0 JavaThread "JFR Recorder Thread"        daemon [_thread_in_native, id=18824, stack(0x000000b732800000,0x000000b732900000) (1024K)]
  0x000002a7ae0be3d0 JavaThread "C2 CompilerThread3"         daemon [_thread_blocked, id=19876, stack(0x000000b732900000,0x000000b732a00000) (1024K)]
  0x000002a7ae2a8ad0 JavaThread "C1 CompilerThread2"         daemon [_thread_blocked, id=19840, stack(0x000000b732a00000,0x000000b732b00000) (1024K)]
  0x000002a7af78bf50 JavaThread "C1 CompilerThread3"         daemon [_thread_blocked, id=5828, stack(0x000000b732b00000,0x000000b732c00000) (1024K)]
  0x000002a7aeb9c1e0 JavaThread "JFR Periodic Tasks"         daemon [_thread_blocked, id=21696, stack(0x000000b732c00000,0x000000b732d00000) (1024K)]
  0x000002a7b69965d0 JavaThread "C2 CompilerThread4"         daemon [_thread_blocked, id=20696, stack(0x000000b732d00000,0x000000b732e00000) (1024K)]
  0x000002a7b69986b0 JavaThread "C2 CompilerThread5"         daemon [_thread_blocked, id=19736, stack(0x000000b732e00000,0x000000b732f00000) (1024K)]
  0x000002a7b6999b60 JavaThread "C2 CompilerThread6"         daemon [_thread_blocked, id=4532, stack(0x000000b732f00000,0x000000b733000000) (1024K)]
  0x000002a7ae70b460 JavaThread "C2 CompilerThread7"         daemon [_thread_blocked, id=19156, stack(0x000000b733000000,0x000000b733100000) (1024K)]
Total: 33

Other Threads:
  0x000002a7688b1310 VMThread "VM Thread"                           [id=17892, stack(0x000000b72fe00000,0x000000b72ff00000) (1024K)]
  0x000002a76798fa80 WatcherThread "VM Periodic Task Thread"        [id=18800, stack(0x000000b72fd00000,0x000000b72fe00000) (1024K)]
  0x000002a7436a6870 WorkerThread "GC Thread#0"                     [id=4252, stack(0x000000b72f800000,0x000000b72f900000) (1024K)]
  0x000002a7af195af0 WorkerThread "GC Thread#1"                     [id=17072, stack(0x000000b731d00000,0x000000b731e00000) (1024K)]
  0x000002a7af196250 WorkerThread "GC Thread#2"                     [id=3280, stack(0x000000b731e00000,0x000000b731f00000) (1024K)]
  0x000002a7af196600 WorkerThread "GC Thread#3"                     [id=2380, stack(0x000000b731f00000,0x000000b732000000) (1024K)]
  0x000002a7af1969b0 WorkerThread "GC Thread#4"                     [id=4412, stack(0x000000b732000000,0x000000b732100000) (1024K)]
  0x000002a7af194fe0 WorkerThread "GC Thread#5"                     [id=19016, stack(0x000000b732100000,0x000000b732200000) (1024K)]
  0x000002a7af46bfd0 WorkerThread "GC Thread#6"                     [id=12640, stack(0x000000b732200000,0x000000b732300000) (1024K)]
  0x000002a7af46c380 WorkerThread "GC Thread#7"                     [id=14896, stack(0x000000b732300000,0x000000b732400000) (1024K)]
  0x000002a7af46c730 WorkerThread "GC Thread#8"                     [id=21096, stack(0x000000b732400000,0x000000b732500000) (1024K)]
  0x000002a7af46ce90 WorkerThread "GC Thread#9"                     [id=10692, stack(0x000000b732500000,0x000000b732600000) (1024K)]
  0x000002a7af46b4c0 WorkerThread "GC Thread#10"                    [id=8576, stack(0x000000b732600000,0x000000b732700000) (1024K)]
  0x000002a7af46a9b0 WorkerThread "GC Thread#11"                    [id=5116, stack(0x000000b732700000,0x000000b732800000) (1024K)]
  0x000002a7436bc9b0 ConcurrentGCThread "G1 Main Marker"            [id=11368, stack(0x000000b72f900000,0x000000b72fa00000) (1024K)]
  0x000002a7436bdc60 WorkerThread "G1 Conc#0"                       [id=8392, stack(0x000000b72fa00000,0x000000b72fb00000) (1024K)]
  0x000002a767980f10 ConcurrentGCThread "G1 Refine#0"               [id=20396, stack(0x000000b72fb00000,0x000000b72fc00000) (1024K)]
  0x000002a767981a90 ConcurrentGCThread "G1 Service"                [id=5632, stack(0x000000b72fc00000,0x000000b72fd00000) (1024K)]
Total: 18

Threads with active compile tasks:
Total: 0

VM state: not at safepoint (normal execution)

VM Mutex/Monitor currently owned by a thread: None

Heap address: 0x0000000601000000, size: 8176 MB, Compressed Oops mode: Zero based, Oop shift amount: 3

CDS archive(s) mapped at: [0x000002a769000000-0x000002a769d40000-0x000002a769d40000), size 13893632, SharedBaseAddress: 0x000002a769000000, ArchiveRelocationMode: 1.
Compressed class space mapped at: 0x000002a76a000000-0x000002a7aa000000, reserved size: 1073741824
UseCompressedClassPointers 1, UseCompactObjectHeaders 0
Narrow klass pointer bits 32, Max shift 3
Narrow klass base: 0x000002a769000000, Narrow klass shift: 0
Encoding Range: [0x000002a769000000 - 0x000002a869000000), (4294967296 bytes)
Klass Range:    [0x000002a769000000 - 0x000002a7aa000000), (1090519040 bytes)
Klass ID Range:  [8 - 1090519033) (1090519025)

GC Precious Log:
 CardTable entry size: 512
 Card Set container configuration: InlinePtr #cards 4 size 8 Array Of Cards #cards 32 size 80 Howl #buckets 8 coarsen threshold 7372 Howl Bitmap #cards 1024 size 144 coarsen threshold 921 Card regions per heap region 1 cards per card region 8192
 CPUs: 16 total, 16 available
 Memory: 32694M
 Large Page Support: Disabled
 NUMA Support: Disabled
 Compressed Oops: Enabled (Zero based)
 Heap Region Size: 4M
 Heap Min Capacity: 8M
 Heap Initial Capacity: 512M
 Heap Max Capacity: 8176M
 Pre-touch: Disabled
 Parallel Workers: 13
 Concurrent Workers: 3
 Concurrent Refinement Workers: 13
 Periodic GC: Disabled

Heap:
 garbage-first heap   total reserved 8372224K, committed 528384K, used 47081K [0x0000000601000000, 0x0000000800000000)
  region size 4096K, 13 young (53248K), 2 survivors (8192K)
 Metaspace       used 15694K, committed 15936K, reserved 1114112K
  class space    used 1703K, committed 1792K, reserved 1048576K

Heap Regions: E=young(eden), S=young(survivor), O=old, HS=humongous(starts), HC=humongous(continues), CS=collection set, F=free, TAMS=top-at-mark-start, PB=parsable bottom
|   0|0x0000000601000000, 0x0000000601000000, 0x0000000601400000|  0%| F|  |TAMS 0x0000000601000000| PB 0x0000000601000000| Untracked |  0
|   1|0x0000000601400000, 0x0000000601400000, 0x0000000601800000|  0%| F|  |TAMS 0x0000000601400000| PB 0x0000000601400000| Untracked |  0
|   2|0x0000000601800000, 0x0000000601800000, 0x0000000601c00000|  0%| F|  |TAMS 0x0000000601800000| PB 0x0000000601800000| Untracked |  0
|   3|0x0000000601c00000, 0x0000000601c00000, 0x0000000602000000|  0%| F|  |TAMS 0x0000000601c00000| PB 0x0000000601c00000| Untracked |  0
|   4|0x0000000602000000, 0x0000000602000000, 0x0000000602400000|  0%| F|  |TAMS 0x0000000602000000| PB 0x0000000602000000| Untracked |  0
|   5|0x0000000602400000, 0x0000000602400000, 0x0000000602800000|  0%| F|  |TAMS 0x0000000602400000| PB 0x0000000602400000| Untracked |  0
|   6|0x0000000602800000, 0x0000000602800000, 0x0000000602c00000|  0%| F|  |TAMS 0x0000000602800000| PB 0x0000000602800000| Untracked |  0
|   7|0x0000000602c00000, 0x0000000602c00000, 0x0000000603000000|  0%| F|  |TAMS 0x0000000602c00000| PB 0x0000000602c00000| Untracked |  0
|   8|0x0000000603000000, 0x0000000603000000, 0x0000000603400000|  0%| F|  |TAMS 0x0000000603000000| PB 0x0000000603000000| Untracked |  0
|   9|0x0000000603400000, 0x0000000603400000, 0x0000000603800000|  0%| F|  |TAMS 0x0000000603400000| PB 0x0000000603400000| Untracked |  0
|  10|0x0000000603800000, 0x0000000603800000, 0x0000000603c00000|  0%| F|  |TAMS 0x0000000603800000| PB 0x0000000603800000| Untracked |  0
|  11|0x0000000603c00000, 0x0000000603c00000, 0x0000000604000000|  0%| F|  |TAMS 0x0000000603c00000| PB 0x0000000603c00000| Untracked |  0
|  12|0x0000000604000000, 0x0000000604000000, 0x0000000604400000|  0%| F|  |TAMS 0x0000000604000000| PB 0x0000000604000000| Untracked |  0
|  13|0x0000000604400000, 0x0000000604400000, 0x0000000604800000|  0%| F|  |TAMS 0x0000000604400000| PB 0x0000000604400000| Untracked |  0
|  14|0x0000000604800000, 0x0000000604800000, 0x0000000604c00000|  0%| F|  |TAMS 0x0000000604800000| PB 0x0000000604800000| Untracked |  0
|  15|0x0000000604c00000, 0x0000000604c00000, 0x0000000605000000|  0%| F|  |TAMS 0x0000000604c00000| PB 0x0000000604c00000| Untracked |  0
|  16|0x0000000605000000, 0x0000000605000000, 0x0000000605400000|  0%| F|  |TAMS 0x0000000605000000| PB 0x0000000605000000| Untracked |  0
|  17|0x0000000605400000, 0x0000000605400000, 0x0000000605800000|  0%| F|  |TAMS 0x0000000605400000| PB 0x0000000605400000| Untracked |  0
|  18|0x0000000605800000, 0x0000000605800000, 0x0000000605c00000|  0%| F|  |TAMS 0x0000000605800000| PB 0x0000000605800000| Untracked |  0
|  19|0x0000000605c00000, 0x0000000605c00000, 0x0000000606000000|  0%| F|  |TAMS 0x0000000605c00000| PB 0x0000000605c00000| Untracked |  0
|  20|0x0000000606000000, 0x0000000606000000, 0x0000000606400000|  0%| F|  |TAMS 0x0000000606000000| PB 0x0000000606000000| Untracked |  0
|  21|0x0000000606400000, 0x0000000606400000, 0x0000000606800000|  0%| F|  |TAMS 0x0000000606400000| PB 0x0000000606400000| Untracked |  0
|  22|0x0000000606800000, 0x0000000606800000, 0x0000000606c00000|  0%| F|  |TAMS 0x0000000606800000| PB 0x0000000606800000| Untracked |  0
|  23|0x0000000606c00000, 0x0000000606c00000, 0x0000000607000000|  0%| F|  |TAMS 0x0000000606c00000| PB 0x0000000606c00000| Untracked |  0
|  24|0x0000000607000000, 0x0000000607000000, 0x0000000607400000|  0%| F|  |TAMS 0x0000000607000000| PB 0x0000000607000000| Untracked |  0
|  25|0x0000000607400000, 0x0000000607400000, 0x0000000607800000|  0%| F|  |TAMS 0x0000000607400000| PB 0x0000000607400000| Untracked |  0
|  26|0x0000000607800000, 0x0000000607800000, 0x0000000607c00000|  0%| F|  |TAMS 0x0000000607800000| PB 0x0000000607800000| Untracked |  0
|  27|0x0000000607c00000, 0x0000000607c00000, 0x0000000608000000|  0%| F|  |TAMS 0x0000000607c00000| PB 0x0000000607c00000| Untracked |  0
|  28|0x0000000608000000, 0x0000000608000000, 0x0000000608400000|  0%| F|  |TAMS 0x0000000608000000| PB 0x0000000608000000| Untracked |  0
|  29|0x0000000608400000, 0x0000000608400000, 0x0000000608800000|  0%| F|  |TAMS 0x0000000608400000| PB 0x0000000608400000| Untracked |  0
|  30|0x0000000608800000, 0x0000000608800000, 0x0000000608c00000|  0%| F|  |TAMS 0x0000000608800000| PB 0x0000000608800000| Untracked |  0
|  31|0x0000000608c00000, 0x0000000608c00000, 0x0000000609000000|  0%| F|  |TAMS 0x0000000608c00000| PB 0x0000000608c00000| Untracked |  0
|  32|0x0000000609000000, 0x0000000609000000, 0x0000000609400000|  0%| F|  |TAMS 0x0000000609000000| PB 0x0000000609000000| Untracked |  0
|  33|0x0000000609400000, 0x0000000609400000, 0x0000000609800000|  0%| F|  |TAMS 0x0000000609400000| PB 0x0000000609400000| Untracked |  0
|  34|0x0000000609800000, 0x0000000609800000, 0x0000000609c00000|  0%| F|  |TAMS 0x0000000609800000| PB 0x0000000609800000| Untracked |  0
|  35|0x0000000609c00000, 0x0000000609c00000, 0x000000060a000000|  0%| F|  |TAMS 0x0000000609c00000| PB 0x0000000609c00000| Untracked |  0
|  36|0x000000060a000000, 0x000000060a000000, 0x000000060a400000|  0%| F|  |TAMS 0x000000060a000000| PB 0x000000060a000000| Untracked |  0
|  37|0x000000060a400000, 0x000000060a400000, 0x000000060a800000|  0%| F|  |TAMS 0x000000060a400000| PB 0x000000060a400000| Untracked |  0
|  38|0x000000060a800000, 0x000000060a800000, 0x000000060ac00000|  0%| F|  |TAMS 0x000000060a800000| PB 0x000000060a800000| Untracked |  0
|  39|0x000000060ac00000, 0x000000060ac00000, 0x000000060b000000|  0%| F|  |TAMS 0x000000060ac00000| PB 0x000000060ac00000| Untracked |  0
|  40|0x000000060b000000, 0x000000060b000000, 0x000000060b400000|  0%| F|  |TAMS 0x000000060b000000| PB 0x000000060b000000| Untracked |  0
|  41|0x000000060b400000, 0x000000060b400000, 0x000000060b800000|  0%| F|  |TAMS 0x000000060b400000| PB 0x000000060b400000| Untracked |  0
|  42|0x000000060b800000, 0x000000060b800000, 0x000000060bc00000|  0%| F|  |TAMS 0x000000060b800000| PB 0x000000060b800000| Untracked |  0
|  43|0x000000060bc00000, 0x000000060bc00000, 0x000000060c000000|  0%| F|  |TAMS 0x000000060bc00000| PB 0x000000060bc00000| Untracked |  0
|  44|0x000000060c000000, 0x000000060c000000, 0x000000060c400000|  0%| F|  |TAMS 0x000000060c000000| PB 0x000000060c000000| Untracked |  0
|  45|0x000000060c400000, 0x000000060c400000, 0x000000060c800000|  0%| F|  |TAMS 0x000000060c400000| PB 0x000000060c400000| Untracked |  0
|  46|0x000000060c800000, 0x000000060c800000, 0x000000060cc00000|  0%| F|  |TAMS 0x000000060c800000| PB 0x000000060c800000| Untracked |  0
|  47|0x000000060cc00000, 0x000000060cc00000, 0x000000060d000000|  0%| F|  |TAMS 0x000000060cc00000| PB 0x000000060cc00000| Untracked |  0
|  48|0x000000060d000000, 0x000000060d000000, 0x000000060d400000|  0%| F|  |TAMS 0x000000060d000000| PB 0x000000060d000000| Untracked |  0
|  49|0x000000060d400000, 0x000000060d400000, 0x000000060d800000|  0%| F|  |TAMS 0x000000060d400000| PB 0x000000060d400000| Untracked |  0
|  50|0x000000060d800000, 0x000000060d800000, 0x000000060dc00000|  0%| F|  |TAMS 0x000000060d800000| PB 0x000000060d800000| Untracked |  0
|  51|0x000000060dc00000, 0x000000060dc00000, 0x000000060e000000|  0%| F|  |TAMS 0x000000060dc00000| PB 0x000000060dc00000| Untracked |  0
|  52|0x000000060e000000, 0x000000060e000000, 0x000000060e400000|  0%| F|  |TAMS 0x000000060e000000| PB 0x000000060e000000| Untracked |  0
|  53|0x000000060e400000, 0x000000060e400000, 0x000000060e800000|  0%| F|  |TAMS 0x000000060e400000| PB 0x000000060e400000| Untracked |  0
|  54|0x000000060e800000, 0x000000060e800000, 0x000000060ec00000|  0%| F|  |TAMS 0x000000060e800000| PB 0x000000060e800000| Untracked |  0
|  55|0x000000060ec00000, 0x000000060ec00000, 0x000000060f000000|  0%| F|  |TAMS 0x000000060ec00000| PB 0x000000060ec00000| Untracked |  0
|  56|0x000000060f000000, 0x000000060f000000, 0x000000060f400000|  0%| F|  |TAMS 0x000000060f000000| PB 0x000000060f000000| Untracked |  0
|  57|0x000000060f400000, 0x000000060f400000, 0x000000060f800000|  0%| F|  |TAMS 0x000000060f400000| PB 0x000000060f400000| Untracked |  0
|  58|0x000000060f800000, 0x000000060f800000, 0x000000060fc00000|  0%| F|  |TAMS 0x000000060f800000| PB 0x000000060f800000| Untracked |  0
|  59|0x000000060fc00000, 0x000000060fc00000, 0x0000000610000000|  0%| F|  |TAMS 0x000000060fc00000| PB 0x000000060fc00000| Untracked |  0
|  60|0x0000000610000000, 0x0000000610000000, 0x0000000610400000|  0%| F|  |TAMS 0x0000000610000000| PB 0x0000000610000000| Untracked |  0
|  61|0x0000000610400000, 0x0000000610400000, 0x0000000610800000|  0%| F|  |TAMS 0x0000000610400000| PB 0x0000000610400000| Untracked |  0
|  62|0x0000000610800000, 0x0000000610800000, 0x0000000610c00000|  0%| F|  |TAMS 0x0000000610800000| PB 0x0000000610800000| Untracked |  0
|  63|0x0000000610c00000, 0x0000000610c00000, 0x0000000611000000|  0%| F|  |TAMS 0x0000000610c00000| PB 0x0000000610c00000| Untracked |  0
|  64|0x0000000611000000, 0x0000000611000000, 0x0000000611400000|  0%| F|  |TAMS 0x0000000611000000| PB 0x0000000611000000| Untracked |  0
|  65|0x0000000611400000, 0x0000000611400000, 0x0000000611800000|  0%| F|  |TAMS 0x0000000611400000| PB 0x0000000611400000| Untracked |  0
|  66|0x0000000611800000, 0x0000000611800000, 0x0000000611c00000|  0%| F|  |TAMS 0x0000000611800000| PB 0x0000000611800000| Untracked |  0
|  67|0x0000000611c00000, 0x0000000611c00000, 0x0000000612000000|  0%| F|  |TAMS 0x0000000611c00000| PB 0x0000000611c00000| Untracked |  0
|  68|0x0000000612000000, 0x0000000612000000, 0x0000000612400000|  0%| F|  |TAMS 0x0000000612000000| PB 0x0000000612000000| Untracked |  0
|  69|0x0000000612400000, 0x0000000612400000, 0x0000000612800000|  0%| F|  |TAMS 0x0000000612400000| PB 0x0000000612400000| Untracked |  0
|  70|0x0000000612800000, 0x0000000612800000, 0x0000000612c00000|  0%| F|  |TAMS 0x0000000612800000| PB 0x0000000612800000| Untracked |  0
|  71|0x0000000612c00000, 0x0000000612c00000, 0x0000000613000000|  0%| F|  |TAMS 0x0000000612c00000| PB 0x0000000612c00000| Untracked |  0
|  72|0x0000000613000000, 0x0000000613000000, 0x0000000613400000|  0%| F|  |TAMS 0x0000000613000000| PB 0x0000000613000000| Untracked |  0
|  73|0x0000000613400000, 0x0000000613400000, 0x0000000613800000|  0%| F|  |TAMS 0x0000000613400000| PB 0x0000000613400000| Untracked |  0
|  74|0x0000000613800000, 0x0000000613800000, 0x0000000613c00000|  0%| F|  |TAMS 0x0000000613800000| PB 0x0000000613800000| Untracked |  0
|  75|0x0000000613c00000, 0x0000000613c00000, 0x0000000614000000|  0%| F|  |TAMS 0x0000000613c00000| PB 0x0000000613c00000| Untracked |  0
|  76|0x0000000614000000, 0x0000000614000000, 0x0000000614400000|  0%| F|  |TAMS 0x0000000614000000| PB 0x0000000614000000| Untracked |  0
|  77|0x0000000614400000, 0x0000000614400000, 0x0000000614800000|  0%| F|  |TAMS 0x0000000614400000| PB 0x0000000614400000| Untracked |  0
|  78|0x0000000614800000, 0x0000000614800000, 0x0000000614c00000|  0%| F|  |TAMS 0x0000000614800000| PB 0x0000000614800000| Untracked |  0
|  79|0x0000000614c00000, 0x0000000614c00000, 0x0000000615000000|  0%| F|  |TAMS 0x0000000614c00000| PB 0x0000000614c00000| Untracked |  0
|  80|0x0000000615000000, 0x0000000615000000, 0x0000000615400000|  0%| F|  |TAMS 0x0000000615000000| PB 0x0000000615000000| Untracked |  0
|  81|0x0000000615400000, 0x0000000615400000, 0x0000000615800000|  0%| F|  |TAMS 0x0000000615400000| PB 0x0000000615400000| Untracked |  0
|  82|0x0000000615800000, 0x0000000615800000, 0x0000000615c00000|  0%| F|  |TAMS 0x0000000615800000| PB 0x0000000615800000| Untracked |  0
|  83|0x0000000615c00000, 0x0000000615c00000, 0x0000000616000000|  0%| F|  |TAMS 0x0000000615c00000| PB 0x0000000615c00000| Untracked |  0
|  84|0x0000000616000000, 0x0000000616000000, 0x0000000616400000|  0%| F|  |TAMS 0x0000000616000000| PB 0x0000000616000000| Untracked |  0
|  85|0x0000000616400000, 0x0000000616400000, 0x0000000616800000|  0%| F|  |TAMS 0x0000000616400000| PB 0x0000000616400000| Untracked |  0
|  86|0x0000000616800000, 0x0000000616800000, 0x0000000616c00000|  0%| F|  |TAMS 0x0000000616800000| PB 0x0000000616800000| Untracked |  0
|  87|0x0000000616c00000, 0x0000000616c00000, 0x0000000617000000|  0%| F|  |TAMS 0x0000000616c00000| PB 0x0000000616c00000| Untracked |  0
|  88|0x0000000617000000, 0x0000000617000000, 0x0000000617400000|  0%| F|  |TAMS 0x0000000617000000| PB 0x0000000617000000| Untracked |  0
|  89|0x0000000617400000, 0x0000000617400000, 0x0000000617800000|  0%| F|  |TAMS 0x0000000617400000| PB 0x0000000617400000| Untracked |  0
|  90|0x0000000617800000, 0x0000000617800000, 0x0000000617c00000|  0%| F|  |TAMS 0x0000000617800000| PB 0x0000000617800000| Untracked |  0
|  91|0x0000000617c00000, 0x0000000617c00000, 0x0000000618000000|  0%| F|  |TAMS 0x0000000617c00000| PB 0x0000000617c00000| Untracked |  0
|  92|0x0000000618000000, 0x0000000618000000, 0x0000000618400000|  0%| F|  |TAMS 0x0000000618000000| PB 0x0000000618000000| Untracked |  0
|  93|0x0000000618400000, 0x0000000618400000, 0x0000000618800000|  0%| F|  |TAMS 0x0000000618400000| PB 0x0000000618400000| Untracked |  0
|  94|0x0000000618800000, 0x0000000618800000, 0x0000000618c00000|  0%| F|  |TAMS 0x0000000618800000| PB 0x0000000618800000| Untracked |  0
|  95|0x0000000618c00000, 0x0000000618c00000, 0x0000000619000000|  0%| F|  |TAMS 0x0000000618c00000| PB 0x0000000618c00000| Untracked |  0
|  96|0x0000000619000000, 0x0000000619000000, 0x0000000619400000|  0%| F|  |TAMS 0x0000000619000000| PB 0x0000000619000000| Untracked |  0
|  97|0x0000000619400000, 0x0000000619400000, 0x0000000619800000|  0%| F|  |TAMS 0x0000000619400000| PB 0x0000000619400000| Untracked |  0
|  98|0x0000000619800000, 0x0000000619800000, 0x0000000619c00000|  0%| F|  |TAMS 0x0000000619800000| PB 0x0000000619800000| Untracked |  0
|  99|0x0000000619c00000, 0x0000000619c00000, 0x000000061a000000|  0%| F|  |TAMS 0x0000000619c00000| PB 0x0000000619c00000| Untracked |  0
| 100|0x000000061a000000, 0x000000061a000000, 0x000000061a400000|  0%| F|  |TAMS 0x000000061a000000| PB 0x000000061a000000| Untracked |  0
| 101|0x000000061a400000, 0x000000061a400000, 0x000000061a800000|  0%| F|  |TAMS 0x000000061a400000| PB 0x000000061a400000| Untracked |  0
| 102|0x000000061a800000, 0x000000061a800000, 0x000000061ac00000|  0%| F|  |TAMS 0x000000061a800000| PB 0x000000061a800000| Untracked |  0
| 103|0x000000061ac00000, 0x000000061ac00000, 0x000000061b000000|  0%| F|  |TAMS 0x000000061ac00000| PB 0x000000061ac00000| Untracked |  0
| 104|0x000000061b000000, 0x000000061b000000, 0x000000061b400000|  0%| F|  |TAMS 0x000000061b000000| PB 0x000000061b000000| Untracked |  0
| 105|0x000000061b400000, 0x000000061b400000, 0x000000061b800000|  0%| F|  |TAMS 0x000000061b400000| PB 0x000000061b400000| Untracked |  0
| 106|0x000000061b800000, 0x000000061b800000, 0x000000061bc00000|  0%| F|  |TAMS 0x000000061b800000| PB 0x000000061b800000| Untracked |  0
| 107|0x000000061bc00000, 0x000000061bc00000, 0x000000061c000000|  0%| F|  |TAMS 0x000000061bc00000| PB 0x000000061bc00000| Untracked |  0
| 108|0x000000061c000000, 0x000000061c000000, 0x000000061c400000|  0%| F|  |TAMS 0x000000061c000000| PB 0x000000061c000000| Untracked |  0
| 109|0x000000061c400000, 0x000000061c400000, 0x000000061c800000|  0%| F|  |TAMS 0x000000061c400000| PB 0x000000061c400000| Untracked |  0
| 110|0x000000061c800000, 0x000000061c800000, 0x000000061cc00000|  0%| F|  |TAMS 0x000000061c800000| PB 0x000000061c800000| Untracked |  0
| 111|0x000000061cc00000, 0x000000061cc00000, 0x000000061d000000|  0%| F|  |TAMS 0x000000061cc00000| PB 0x000000061cc00000| Untracked |  0
| 112|0x000000061d000000, 0x000000061d000000, 0x000000061d400000|  0%| F|  |TAMS 0x000000061d000000| PB 0x000000061d000000| Untracked |  0
| 113|0x000000061d400000, 0x000000061d400000, 0x000000061d800000|  0%| F|  |TAMS 0x000000061d400000| PB 0x000000061d400000| Untracked |  0
| 114|0x000000061d800000, 0x000000061d8de0d0, 0x000000061dc00000| 21%| S|CS|TAMS 0x000000061d800000| PB 0x000000061d800000| Complete |  0
| 115|0x000000061dc00000, 0x000000061e000000, 0x000000061e000000|100%| S|CS|TAMS 0x000000061dc00000| PB 0x000000061dc00000| Complete |  0
| 116|0x000000061e000000, 0x000000061e000000, 0x000000061e400000|  0%| F|  |TAMS 0x000000061e000000| PB 0x000000061e000000| Untracked |  0
| 117|0x000000061e400000, 0x000000061e5b52f0, 0x000000061e800000| 42%| E|  |TAMS 0x000000061e400000| PB 0x000000061e400000| Complete |  0
| 118|0x000000061e800000, 0x000000061ec00000, 0x000000061ec00000|100%| E|CS|TAMS 0x000000061e800000| PB 0x000000061e800000| Complete |  0
| 119|0x000000061ec00000, 0x000000061f000000, 0x000000061f000000|100%| E|CS|TAMS 0x000000061ec00000| PB 0x000000061ec00000| Complete |  0
| 120|0x000000061f000000, 0x000000061f400000, 0x000000061f400000|100%| E|CS|TAMS 0x000000061f000000| PB 0x000000061f000000| Complete |  0
| 121|0x000000061f400000, 0x000000061f800000, 0x000000061f800000|100%| E|CS|TAMS 0x000000061f400000| PB 0x000000061f400000| Complete |  0
| 122|0x000000061f800000, 0x000000061fc00000, 0x000000061fc00000|100%| E|CS|TAMS 0x000000061f800000| PB 0x000000061f800000| Complete |  0
| 123|0x000000061fc00000, 0x0000000620000000, 0x0000000620000000|100%| E|CS|TAMS 0x000000061fc00000| PB 0x000000061fc00000| Complete |  0
| 124|0x0000000620000000, 0x0000000620400000, 0x0000000620400000|100%| E|CS|TAMS 0x0000000620000000| PB 0x0000000620000000| Complete |  0
| 125|0x0000000620400000, 0x0000000620800000, 0x0000000620800000|100%| E|CS|TAMS 0x0000000620400000| PB 0x0000000620400000| Complete |  0
| 126|0x0000000620800000, 0x0000000620c00000, 0x0000000620c00000|100%| E|CS|TAMS 0x0000000620800000| PB 0x0000000620800000| Complete |  0
| 127|0x0000000620c00000, 0x0000000621000000, 0x0000000621000000|100%| E|CS|TAMS 0x0000000620c00000| PB 0x0000000620c00000| Complete |  0
|2043|0x00000007ffc00000, 0x00000007ffd1c348, 0x0000000800000000| 27%| O|  |TAMS 0x00000007ffc00000| PB 0x00000007ffc00000| Untracked |  0

Card table byte_map: [0x000002a75c830000,0x000002a75d830000] _byte_map_base: 0x000002a759828000

Marking Bits: (CMBitMap*) 0x000002a7436a6f80
 Bits: [0x000002a75d830000, 0x000002a7657f0000)

Polling page: 0x000002a7414c0000

Metaspace:

Usage:
  Non-class:     13.66 MB used.
      Class:      1.66 MB used.
       Both:     15.33 MB used.

Virtual space:
  Non-class space:       64.00 MB reserved,      13.81 MB ( 22%) committed,  1 nodes.
      Class space:        1.00 GB reserved,       1.75 MB ( <1%) committed,  1 nodes.
             Both:        1.06 GB reserved,      15.56 MB (  1%) committed. 

Chunk freelists:
   Non-Class:  1.91 MB
       Class:  14.07 MB
        Both:  15.98 MB

MaxMetaspaceSize: unlimited
CompressedClassSpaceSize: 1.00 GB
Initial GC threshold: 21.00 MB
Current GC threshold: 21.00 MB
CDS: on
 - commit_granule_bytes: 65536.
 - commit_granule_words: 8192.
 - virtual_space_node_default_size: 8388608.
 - enlarge_chunks_in_place: 1.
UseCompressedClassPointers 1, UseCompactObjectHeaders 0
Narrow klass pointer bits 32, Max shift 3
Narrow klass base: 0x000002a769000000, Narrow klass shift: 0
Encoding Range: [0x000002a769000000 - 0x000002a869000000), (4294967296 bytes)
Klass Range:    [0x000002a769000000 - 0x000002a7aa000000), (1090519040 bytes)
Klass ID Range:  [8 - 1090519033) (1090519025)


Internal statistics:

num_allocs_failed_limit: 0.
num_arena_births: 230.
num_arena_deaths: 0.
num_vsnodes_births: 2.
num_vsnodes_deaths: 0.
num_space_committed: 249.
num_space_uncommitted: 0.
num_chunks_returned_to_freelist: 0.
num_chunks_taken_from_freelist: 539.
num_chunk_merges: 0.
num_chunk_splits: 372.
num_chunks_enlarged: 286.
num_inconsistent_stats: 0.

CodeHeap 'non-profiled nmethods': size=119232Kb used=1167Kb max_used=1167Kb free=118064Kb
 bounds [0x000002a753a30000, 0x000002a753ca0000, 0x000002a75aea0000]
CodeHeap 'profiled nmethods': size=119104Kb used=4807Kb max_used=4807Kb free=114297Kb
 bounds [0x000002a74bea0000, 0x000002a74c360000, 0x000002a7532f0000]
CodeHeap 'non-nmethods': size=7424Kb used=3291Kb max_used=3366Kb free=4132Kb
 bounds [0x000002a7532f0000, 0x000002a7536a0000, 0x000002a753a30000]
CodeCache: size=245760Kb, used=9265Kb, max_used=9340Kb, free=236493Kb
 total_blobs=3901, nmethods=3127, adapters=676, full_count=0
Compilation: enabled, stopped_count=0, restarted_count=0

Compilation events (20 events):
Event: 11.696 Thread 0x000002a7688d0330 2732       3       sun.net.util.IPAddressUtil::scan (62 bytes)
Event: 11.696 Thread 0x000002a7ae70b460 2729       4       sun.util.locale.LocaleUtils::toTitleString (139 bytes)
Event: 11.697 Thread 0x000002a7688d0330 nmethod 2732 0x000002a74c2a7188 code [0x000002a74c2a7340, 0x000002a74c2a7de0]
Event: 11.698 Thread 0x000002a768ab8d10 nmethod 2698 0x000002a753b11088 code [0x000002a753b111a0, 0x000002a753b11450]
Event: 11.698 Thread 0x000002a7af78bf50 2734   !   3       java.util.ResourceBundle::loadBundle (340 bytes)
Event: 11.698 Thread 0x000002a7689a0df0 2735   !   3       java.lang.ClassLoader::loadClass (61 bytes)
Event: 11.699 Thread 0x000002a7b69986b0 nmethod 2542 0x000002a753b11488 code [0x000002a753b116a0, 0x000002a753b12718]
Event: 11.699 Thread 0x000002a768ab8d10 2728       4       sun.util.locale.BaseLocale::equals (83 bytes)
Event: 11.699 Thread 0x000002a7689a0df0 nmethod 2735 0x000002a74c2a7e88 code [0x000002a74c2a8000, 0x000002a74c2a8820]
Event: 11.699 Thread 0x000002a7688d0330 2736       3       sun.net.www.ParseUtil::encodePath (41 bytes)
Event: 11.700 Thread 0x000002a7689a0df0 2737       3       java.lang.Math::clamp (49 bytes)
Event: 11.700 Thread 0x000002a7688d0330 nmethod 2736 0x000002a74c2a8888 code [0x000002a74c2a89e0, 0x000002a74c2a8c38]
Event: 11.700 Thread 0x000002a7688db380 nmethod 2680 0x000002a753b12808 code [0x000002a753b12920, 0x000002a753b12c20]
Event: 11.700 Thread 0x000002a7688d0330 2738       3       java.util.ResourceBundle$CacheKey::<init> (103 bytes)
Event: 11.701 Thread 0x000002a7689a0df0 nmethod 2737 0x000002a74c2a8c88 code [0x000002a74c2a8e60, 0x000002a74c2a9920]
Event: 11.701 Thread 0x000002a7af78bf50 nmethod 2734 0x000002a74c2a9988 code [0x000002a74c2a9d00, 0x000002a74c2ac5c8]
Event: 11.701 Thread 0x000002a7689a0df0 2739       3       jdk.internal.module.Resources::canEncapsulate (30 bytes)
Event: 11.701 Thread 0x000002a7688d0330 nmethod 2738 0x000002a74c2ac688 code [0x000002a74c2ac880, 0x000002a74c2ada58]
Event: 11.701 Thread 0x000002a7688db380 2730       4       java.lang.String::<init> (10 bytes)
Event: 11.702 Thread 0x000002a7689a0df0 nmethod 2739 0x000002a74c2adb08 code [0x000002a74c2adca0, 0x000002a74c2ae658]

GC Heap History (2 events):
Event: 1.435 GC heap before
{Heap before GC invocations=0 (full 0):
 garbage-first heap   total reserved 8372224K, committed 528384K, used 46192K [0x0000000601000000, 0x0000000800000000)
  region size 4096K, 12 young (49152K), 0 survivors (0K)
 Metaspace       used 10767K, committed 11008K, reserved 1114112K
  class space    used 1058K, committed 1152K, reserved 1048576K
}
Event: 1.438 GC heap after
{Heap after GC invocations=1 (full 0):
 garbage-first heap   total reserved 8372224K, committed 528384K, used 6121K [0x0000000601000000, 0x0000000800000000)
  region size 4096K, 2 young (8192K), 2 survivors (8192K)
 Metaspace       used 10767K, committed 11008K, reserved 1114112K
  class space    used 1058K, committed 1152K, reserved 1048576K
}

Dll operation events (20 events):
Event: 0.529 Loaded shared library C:\javafx-sdk-24\bin\api-ms-win-crt-locale-l1-1-0.dll
Event: 0.532 Loaded shared library C:\javafx-sdk-24\bin\api-ms-win-crt-math-l1-1-0.dll
Event: 0.535 Loaded shared library C:\javafx-sdk-24\bin\api-ms-win-crt-multibyte-l1-1-0.dll
Event: 0.538 Loaded shared library C:\javafx-sdk-24\bin\api-ms-win-crt-private-l1-1-0.dll
Event: 0.541 Loaded shared library C:\javafx-sdk-24\bin\api-ms-win-crt-process-l1-1-0.dll
Event: 0.544 Loaded shared library C:\javafx-sdk-24\bin\api-ms-win-crt-runtime-l1-1-0.dll
Event: 0.547 Loaded shared library C:\javafx-sdk-24\bin\api-ms-win-crt-stdio-l1-1-0.dll
Event: 0.549 Loaded shared library C:\javafx-sdk-24\bin\api-ms-win-crt-string-l1-1-0.dll
Event: 0.552 Loaded shared library C:\javafx-sdk-24\bin\api-ms-win-crt-time-l1-1-0.dll
Event: 0.555 Loaded shared library C:\javafx-sdk-24\bin\api-ms-win-crt-utility-l1-1-0.dll
Event: 0.559 Loaded shared library C:\javafx-sdk-24\bin\ucrtbase.dll
Event: 0.563 Loaded shared library C:\javafx-sdk-24\bin\vcruntime140.dll
Event: 0.566 Loaded shared library C:\javafx-sdk-24\bin\vcruntime140_1.dll
Event: 0.571 Loaded shared library C:\javafx-sdk-24\bin\msvcp140.dll
Event: 0.574 Loaded shared library C:\javafx-sdk-24\bin\msvcp140_1.dll
Event: 0.578 Loaded shared library C:\javafx-sdk-24\bin\msvcp140_2.dll
Event: 1.040 Loaded shared library C:\javafx-sdk-24\bin\prism_d3d.dll
Event: 1.245 Loaded shared library C:\javafx-sdk-24\bin\glass.dll
Event: 11.477 Loaded shared library C:\javafx-sdk-24\bin\javafx_font.dll
Event: 11.487 Loaded shared library C:\Users\afour\AppData\Local\Temp\idea_libasyncProfiler_dll_temp_folder2\libasyncProfiler.dll

Deoptimization events (20 events):
Event: 11.585 Thread 0x000002a7688c6300 Uncommon trap: trap_request=0xffffffcc fr.pc=0x000002a753ae3dec relative=0x00000000000003ac
Event: 11.585 Thread 0x000002a7688c6300 Uncommon trap: reason=intrinsic_or_type_checked_inlining action=make_not_entrant pc=0x000002a753ae3dec method=java.util.Arrays.copyOf([Ljava/lang/Object;ILjava/lang/Class;)[Ljava/lang/Object; @ 35 c2
Event: 11.585 Thread 0x000002a7688c6300 DEOPT PACKING pc=0x000002a753ae3dec sp=0x000000b7302fdf90
Event: 11.585 Thread 0x000002a7688c6300 DEOPT UNPACKING pc=0x000002a753404102 sp=0x000000b7302fdf38 mode 2
Event: 11.647 Thread 0x000002a7aeb95b80 Uncommon trap: trap_request=0xffffff4d fr.pc=0x000002a753b04bf4 relative=0x0000000000000194
Event: 11.647 Thread 0x000002a7aeb95b80 Uncommon trap: reason=unstable_if action=reinterpret pc=0x000002a753b04bf4 method=sun.util.locale.LocaleUtils.caseIgnoreMatch(Ljava/lang/String;Ljava/lang/String;)Z @ 17 c2
Event: 11.648 Thread 0x000002a7aeb95b80 DEOPT PACKING pc=0x000002a753b04bf4 sp=0x000000b7314fc010
Event: 11.648 Thread 0x000002a7aeb95b80 DEOPT UNPACKING pc=0x000002a753404102 sp=0x000000b7314fbfa8 mode 2
Event: 11.651 Thread 0x000002a7aeb95b80 Uncommon trap: trap_request=0xffffff4d fr.pc=0x000002a753a94880 relative=0x0000000000000440
Event: 11.651 Thread 0x000002a7aeb95b80 Uncommon trap: reason=unstable_if action=reinterpret pc=0x000002a753a94880 method=java.lang.StringLatin1.canEncode(C)Z @ 4 c2
Event: 11.651 Thread 0x000002a7aeb95b80 DEOPT PACKING pc=0x000002a753a94880 sp=0x000000b7314fbd20
Event: 11.651 Thread 0x000002a7aeb95b80 DEOPT UNPACKING pc=0x000002a753404102 sp=0x000000b7314fbc98 mode 2
Event: 11.652 Thread 0x000002a7aeb95b80 Uncommon trap: trap_request=0xffffff4d fr.pc=0x000002a753ac5148 relative=0x0000000000000408
Event: 11.652 Thread 0x000002a7aeb95b80 Uncommon trap: reason=unstable_if action=reinterpret pc=0x000002a753ac5148 method=java.lang.AbstractStringBuilder.isLatin1()Z @ 10 c2
Event: 11.652 Thread 0x000002a7aeb95b80 DEOPT PACKING pc=0x000002a753ac5148 sp=0x000000b7314fbd30
Event: 11.652 Thread 0x000002a7aeb95b80 DEOPT UNPACKING pc=0x000002a753404102 sp=0x000000b7314fbc88 mode 2
Event: 11.652 Thread 0x000002a7aeb95b80 Uncommon trap: trap_request=0xffffff4d fr.pc=0x000002a753acda4c relative=0x00000000000002ac
Event: 11.652 Thread 0x000002a7aeb95b80 Uncommon trap: reason=unstable_if action=reinterpret pc=0x000002a753acda4c method=java.lang.AbstractStringBuilder.isLatin1()Z @ 10 c2
Event: 11.652 Thread 0x000002a7aeb95b80 DEOPT PACKING pc=0x000002a753acda4c sp=0x000000b7314fbcc0
Event: 11.652 Thread 0x000002a7aeb95b80 DEOPT UNPACKING pc=0x000002a753404102 sp=0x000000b7314fbbd8 mode 2

Classes loaded (20 events):
Event: 11.633 Loading class java/util/stream/Streams$ConcatSpliterator done
Event: 11.633 Loading class java/util/stream/Streams$ConcatSpliterator$OfRef done
Event: 11.633 Loading class java/util/stream/Streams$2
Event: 11.634 Loading class java/util/stream/Streams$2 done
Event: 11.634 Loading class sun/util/locale/provider/CurrencyNameProviderImpl
Event: 11.634 Loading class sun/util/locale/provider/CurrencyNameProviderImpl done
Event: 11.638 Loading class sun/util/locale/provider/LocaleNameProviderImpl
Event: 11.638 Loading class sun/util/locale/provider/LocaleNameProviderImpl done
Event: 11.640 Loading class jdk/jfr/internal/consumer/RepositoryFiles
Event: 11.640 Loading class jdk/jfr/internal/consumer/RepositoryFiles done
Event: 11.642 Loading class jdk/jfr/internal/SettingsManager$InternalSetting
Event: 11.642 Loading class jdk/jfr/internal/SettingsManager$InternalSetting done
Event: 11.643 Loading class jdk/jfr/internal/util/Rate
Event: 11.643 Loading class jdk/jfr/internal/util/Rate done
Event: 11.643 Loading class jdk/jfr/internal/util/TimespanUnit
Event: 11.643 Loading class jdk/jfr/internal/util/TimespanUnit done
Event: 11.644 Loading class jdk/jfr/internal/util/ValueParser
Event: 11.644 Loading class jdk/jfr/internal/util/ValueParser done
Event: 11.645 Loading class jdk/jfr/internal/periodic/PeriodicType
Event: 11.645 Loading class jdk/jfr/internal/periodic/PeriodicType done

Classes unloaded (0 events):
No events

Classes redefined (0 events):
No events

Internal exceptions (20 events):
Event: 11.699 Thread 0x000002a7aeb95b80 Exception <a 'java/lang/ClassNotFoundException'{0x000000061f2791a8}: com/sun/glass/ui/win/themes_tg_Cyrl> (0x000000061f2791a8) 
thrown [s\open\src\hotspot\share\prims\jni.cpp, line 536]
Event: 11.699 Thread 0x000002a7aeb95b80 Exception <a 'java/lang/ClassNotFoundException'{0x000000061f27a0e0}: com/sun/glass/ui/win/themes_tg_Cyrl_TJ> (0x000000061f27a0e0) 
thrown [s\open\src\hotspot\share\prims\jni.cpp, line 536]
Event: 11.700 Thread 0x000002a7aeb95b80 Exception <a 'java/lang/ClassNotFoundException'{0x000000061f27b240}: com/sun/glass/ui/win/themes_teo_UG> (0x000000061f27b240) 
thrown [s\open\src\hotspot\share\prims\jni.cpp, line 536]
Event: 11.700 Thread 0x000002a7aeb95b80 Exception <a 'java/lang/ClassNotFoundException'{0x000000061f27c578}: com/sun/glass/ui/win/themes_yi> (0x000000061f27c578) 
thrown [s\open\src\hotspot\share\prims\jni.cpp, line 536]
Event: 11.700 Thread 0x000002a7aeb95b80 Exception <a 'java/lang/ClassNotFoundException'{0x000000061f27d488}: com/sun/glass/ui/win/themes_yi_UA> (0x000000061f27d488) 
thrown [s\open\src\hotspot\share\prims\jni.cpp, line 536]
Event: 11.700 Thread 0x000002a7aeb95b80 Exception <a 'java/lang/ClassNotFoundException'{0x000000061f27e6e0}: com/sun/glass/ui/win/themes_sk> (0x000000061f27e6e0) 
thrown [s\open\src\hotspot\share\prims\jni.cpp, line 536]
Event: 11.700 Thread 0x000002a7aeb95b80 Exception <a 'java/lang/ClassNotFoundException'{0x000000061f27f5f0}: com/sun/glass/ui/win/themes_sk_SK> (0x000000061f27f5f0) 
thrown [s\open\src\hotspot\share\prims\jni.cpp, line 536]
Event: 11.700 Thread 0x000002a7aeb95b80 Exception <a 'java/lang/ClassNotFoundException'{0x000000061f280510}: com/sun/glass/ui/win/themes_sk_Latn> (0x000000061f280510) 
thrown [s\open\src\hotspot\share\prims\jni.cpp, line 536]
Event: 11.701 Thread 0x000002a7aeb95b80 Exception <a 'java/lang/ClassNotFoundException'{0x000000061f281448}: com/sun/glass/ui/win/themes_sk_Latn_SK> (0x000000061f281448) 
thrown [s\open\src\hotspot\share\prims\jni.cpp, line 536]
Event: 11.701 Thread 0x000002a7aeb95b80 Exception <a 'java/lang/ClassNotFoundException'{0x000000061f2825a8}: com/sun/glass/ui/win/themes_ar_MA> (0x000000061f2825a8) 
thrown [s\open\src\hotspot\share\prims\jni.cpp, line 536]
Event: 11.701 Thread 0x000002a7aeb95b80 Exception <a 'java/lang/ClassNotFoundException'{0x000000061f2836c8}: com/sun/glass/ui/win/themes_ee> (0x000000061f2836c8) 
thrown [s\open\src\hotspot\share\prims\jni.cpp, line 536]
Event: 11.701 Thread 0x000002a7aeb95b80 Exception <a 'java/lang/ClassNotFoundException'{0x000000061f2845d8}: com/sun/glass/ui/win/themes_ee_GH> (0x000000061f2845d8) 
thrown [s\open\src\hotspot\share\prims\jni.cpp, line 536]
Event: 11.701 Thread 0x000002a7aeb95b80 Exception <a 'java/lang/ClassNotFoundException'{0x000000061f2856f8}: com/sun/glass/ui/win/themes_rwk> (0x000000061f2856f8) 
thrown [s\open\src\hotspot\share\prims\jni.cpp, line 536]
Event: 11.701 Thread 0x000002a7aeb95b80 Exception <a 'java/lang/ClassNotFoundException'{0x000000061f286610}: com/sun/glass/ui/win/themes_rwk_TZ> (0x000000061f286610) 
thrown [s\open\src\hotspot\share\prims\jni.cpp, line 536]
Event: 11.701 Thread 0x000002a7aeb95b80 Exception <a 'java/lang/ClassNotFoundException'{0x000000061f287a90}: com/sun/glass/ui/win/themes_gaa_Latn> (0x000000061f287a90) 
thrown [s\open\src\hotspot\share\prims\jni.cpp, line 536]
Event: 11.701 Thread 0x000002a7aeb95b80 Exception <a 'java/lang/ClassNotFoundException'{0x000000061f2889c8}: com/sun/glass/ui/win/themes_gaa_Latn_GH> (0x000000061f2889c8) 
thrown [s\open\src\hotspot\share\prims\jni.cpp, line 536]
Event: 11.701 Thread 0x000002a7aeb95b80 Exception <a 'java/lang/ClassNotFoundException'{0x000000061f289b20}: com/sun/glass/ui/win/themes_ii> (0x000000061f289b20) 
thrown [s\open\src\hotspot\share\prims\jni.cpp, line 536]
Event: 11.702 Thread 0x000002a7aeb95b80 Exception <a 'java/lang/ClassNotFoundException'{0x000000061f28c220}: com/sun/glass/ui/win/themes_ii_CN> (0x000000061f28c220) 
thrown [s\open\src\hotspot\share\prims\jni.cpp, line 536]
Event: 11.702 Thread 0x000002a7aeb95b80 Exception <a 'java/lang/ClassNotFoundException'{0x000000061f28e128}: com/sun/glass/ui/win/themes_dz> (0x000000061f28e128) 
thrown [s\open\src\hotspot\share\prims\jni.cpp, line 536]
Event: 11.702 Thread 0x000002a7aeb95b80 Exception <a 'java/lang/ClassNotFoundException'{0x000000061f28f038}: com/sun/glass/ui/win/themes_dz_BT> (0x000000061f28f038) 
thrown [s\open\src\hotspot\share\prims\jni.cpp, line 536]

VM Operations (20 events):
Event: 0.431 Executing VM operation: HandshakeAllThreads (Deoptimize)
Event: 0.431 Executing VM operation: HandshakeAllThreads (Deoptimize) done
Event: 0.451 Executing VM operation: HandshakeAllThreads (Deoptimize)
Event: 0.451 Executing VM operation: HandshakeAllThreads (Deoptimize) done
Event: 0.566 Executing VM operation: HandshakeAllThreads (Deoptimize)
Event: 0.566 Executing VM operation: HandshakeAllThreads (Deoptimize) done
Event: 1.096 Executing VM operation: HandshakeAllThreads (Deoptimize)
Event: 1.096 Executing VM operation: HandshakeAllThreads (Deoptimize) done
Event: 1.103 Executing VM operation: HandshakeAllThreads (Deoptimize)
Event: 1.104 Executing VM operation: HandshakeAllThreads (Deoptimize) done
Event: 1.435 Executing VM operation: G1CollectForAllocation (G1 Evacuation Pause)
Event: 1.438 Executing VM operation: G1CollectForAllocation (G1 Evacuation Pause) done
Event: 1.441 Executing VM operation: HandshakeAllThreads (Deoptimize)
Event: 1.441 Executing VM operation: HandshakeAllThreads (Deoptimize) done
Event: 11.604 Executing VM operation: HandshakeAllThreads (Deoptimize)
Event: 11.604 Executing VM operation: HandshakeAllThreads (Deoptimize) done
Event: 11.607 Executing VM operation: HandshakeAllThreads (Deoptimize)
Event: 11.607 Executing VM operation: HandshakeAllThreads (Deoptimize) done
Event: 11.641 Executing VM operation: JFRSafepointClear
Event: 11.641 Executing VM operation: JFRSafepointClear done

Memory protections (0 events):
No events

Nmethod flushes (0 events):
No events

Events (20 events):
Event: 1.069 Thread 0x000002a768a46040 Thread added: 0x000002a768a46ee0
Event: 1.091 Thread 0x000002a768a46ee0 Thread added: 0x000002a768a47630
Event: 1.095 Thread 0x000002a768a46ee0 Thread added: 0x000002a768a46790
Event: 1.246 Thread 0x000002a7435fb4d0 Thread added: 0x000002a7aeb9abf0
Event: 1.247 Thread 0x000002a7435fb4d0 Thread added: 0x000002a7aeb95b80
Event: 1.374 Thread 0x000002a7435fb4d0 Thread added: 0x000002a7aeb9a4a0
Event: 1.384 Thread 0x000002a7aeb99d50 Thread added: 0x000002a7aeb99d50
Event: 10.465 Thread 0x000002a768ab8d10 Thread exited: 0x000002a768ab8d10
Event: 11.479 Thread 0x000002a768ab35c0 Thread exited: 0x000002a768ab35c0
Event: 11.501 Thread 0x000002a7688d0330 Thread added: 0x000002a768ab8d10
Event: 11.509 Thread 0x000002a7688d0330 Thread added: 0x000002a7ae4f9a00
Event: 11.518 Thread 0x000002a7688c6300 Thread added: 0x000002a7aeb978c0
Event: 11.555 Thread 0x000002a7688d0330 Thread added: 0x000002a7ae0be3d0
Event: 11.581 Thread 0x000002a7ae4f9a00 Thread added: 0x000002a7ae2a8ad0
Event: 11.603 Thread 0x000002a7688d0330 Thread added: 0x000002a7af78bf50
Event: 11.606 Thread 0x000002a7688c6300 Thread added: 0x000002a7aeb9c1e0
Event: 11.624 Thread 0x000002a7af78bf50 Thread added: 0x000002a7b69965d0
Event: 11.627 Thread 0x000002a7af78bf50 Thread added: 0x000002a7b69986b0
Event: 11.629 Thread 0x000002a7ae2a8ad0 Thread added: 0x000002a7b6999b60
Event: 11.634 Thread 0x000002a7ae2a8ad0 Thread added: 0x000002a7ae70b460


Dynamic libraries:
0x00007ff63c6b0000 - 0x00007ff63c6be000 	C:\Users\afour\.jdks\openjdk-24\bin\java.exe
0x00007ffc0f5d0000 - 0x00007ffc0f7e7000 	C:\Windows\SYSTEM32\ntdll.dll
0x00007ffc0d630000 - 0x00007ffc0d6f4000 	C:\Windows\System32\KERNEL32.DLL
0x00007ffc0ccc0000 - 0x00007ffc0d091000 	C:\Windows\System32\KERNELBASE.dll
0x00007ffc0c710000 - 0x00007ffc0c821000 	C:\Windows\System32\ucrtbase.dll
0x00007ffbf97a0000 - 0x00007ffbf97b6000 	C:\Users\afour\.jdks\openjdk-24\bin\jli.dll
0x00007ffbf9e80000 - 0x00007ffbf9e9b000 	C:\Users\afour\.jdks\openjdk-24\bin\VCRUNTIME140.dll
0x00007ffc0d9d0000 - 0x00007ffc0db81000 	C:\Windows\System32\USER32.dll
0x00007ffc0c980000 - 0x00007ffc0c9a6000 	C:\Windows\System32\win32u.dll
0x00007ffc01e70000 - 0x00007ffc02102000 	C:\Windows\WinSxS\amd64_microsoft.windows.common-controls_6595b64144ccf1df_6.0.22621.4830_none_270fe7d773858e80\COMCTL32.dll
0x00007ffc0f560000 - 0x00007ffc0f589000 	C:\Windows\System32\GDI32.dll
0x00007ffc0d870000 - 0x00007ffc0d917000 	C:\Windows\System32\msvcrt.dll
0x00007ffc0cba0000 - 0x00007ffc0ccbb000 	C:\Windows\System32\gdi32full.dll
0x00007ffc0c8b0000 - 0x00007ffc0c94a000 	C:\Windows\System32\msvcp_win.dll
0x00007ffc0d830000 - 0x00007ffc0d861000 	C:\Windows\System32\IMM32.DLL
0x00007ffc06da0000 - 0x00007ffc06dac000 	C:\Users\afour\.jdks\openjdk-24\bin\vcruntime140_1.dll
0x00007ffbe1f10000 - 0x00007ffbe1f9e000 	C:\Users\afour\.jdks\openjdk-24\bin\msvcp140.dll
0x00007ffb971e0000 - 0x00007ffb97f82000 	C:\Users\afour\.jdks\openjdk-24\bin\server\jvm.dll
0x00007ffc0f0e0000 - 0x00007ffc0f191000 	C:\Windows\System32\ADVAPI32.dll
0x00007ffc0f2c0000 - 0x00007ffc0f367000 	C:\Windows\System32\sechost.dll
0x00007ffc0c950000 - 0x00007ffc0c978000 	C:\Windows\System32\bcrypt.dll
0x00007ffc0e990000 - 0x00007ffc0eaa4000 	C:\Windows\System32\RPCRT4.dll
0x00007ffc0e910000 - 0x00007ffc0e981000 	C:\Windows\System32\WS2_32.dll
0x00007ffc0b580000 - 0x00007ffc0b5cd000 	C:\Windows\SYSTEM32\POWRPROF.dll
0x00007ffc04370000 - 0x00007ffc0437a000 	C:\Windows\SYSTEM32\VERSION.dll
0x00007ffbff040000 - 0x00007ffbff074000 	C:\Windows\SYSTEM32\WINMM.dll
0x00007ffc0b560000 - 0x00007ffc0b573000 	C:\Windows\SYSTEM32\UMPDC.dll
0x00007ffc0b810000 - 0x00007ffc0b828000 	C:\Windows\SYSTEM32\kernel.appcore.dll
0x00007ffc06890000 - 0x00007ffc0689a000 	C:\Users\afour\.jdks\openjdk-24\bin\jimage.dll
0x00007ffc0ab20000 - 0x00007ffc0ad52000 	C:\Windows\SYSTEM32\DBGHELP.DLL
0x00007ffc0d2a0000 - 0x00007ffc0d630000 	C:\Windows\System32\combase.dll
0x00007ffc0d700000 - 0x00007ffc0d7d7000 	C:\Windows\System32\OLEAUT32.dll
0x00007ffbe3400000 - 0x00007ffbe3432000 	C:\Windows\SYSTEM32\dbgcore.DLL
0x00007ffc0c9b0000 - 0x00007ffc0ca2b000 	C:\Windows\System32\bcryptPrimitives.dll
0x00007ffbec150000 - 0x00007ffbec15f000 	C:\Users\afour\.jdks\openjdk-24\bin\instrument.dll
0x00007ffbe4850000 - 0x00007ffbe486e000 	C:\Users\afour\.jdks\openjdk-24\bin\java.dll
0x00007ffc0e760000 - 0x00007ffc0e901000 	C:\Windows\System32\ole32.dll
0x00007ffc0dcf0000 - 0x00007ffc0e578000 	C:\Windows\System32\SHELL32.dll
0x00007ffc0d160000 - 0x00007ffc0d29f000 	C:\Windows\System32\wintypes.dll
0x00007ffc0a150000 - 0x00007ffc0aa5d000 	C:\Windows\SYSTEM32\windows.storage.dll
0x00007ffc0f390000 - 0x00007ffc0f49a000 	C:\Windows\System32\SHCORE.dll
0x00007ffc0f4a0000 - 0x00007ffc0f4fe000 	C:\Windows\System32\shlwapi.dll
0x00007ffc0c640000 - 0x00007ffc0c66b000 	C:\Windows\SYSTEM32\profapi.dll
0x00007ffbd2900000 - 0x00007ffbd29d7000 	C:\Users\afour\.jdks\openjdk-24\bin\jsvml.dll
0x00007ffc00500000 - 0x00007ffc00510000 	C:\Users\afour\.jdks\openjdk-24\bin\net.dll
0x00007ffc0bc70000 - 0x00007ffc0bcda000 	C:\Windows\system32\mswsock.dll
0x00007ffbe4710000 - 0x00007ffbe4726000 	C:\Users\afour\.jdks\openjdk-24\bin\nio.dll
0x00007ffbe45d0000 - 0x00007ffbe45e7000 	C:\Users\afour\.jdks\openjdk-24\bin\zip.dll
0x00007ffbe4810000 - 0x00007ffbe4819000 	C:\Users\afour\.jdks\openjdk-24\bin\extnet.dll
0x00007ffc0b280000 - 0x00007ffc0b382000 	C:\Windows\SYSTEM32\DNSAPI.dll
0x00007ffc0b210000 - 0x00007ffc0b23d000 	C:\Windows\SYSTEM32\IPHLPAPI.DLL
0x00007ffc0e740000 - 0x00007ffc0e749000 	C:\Windows\System32\NSI.dll
0x0000000069500000 - 0x0000000069526000 	C:\Program Files\Bonjour\mdnsNSP.dll
0x00007ffc05260000 - 0x00007ffc0526a000 	C:\Windows\System32\rasadhlp.dll
0x00007ffc069f0000 - 0x00007ffc06a73000 	C:\Windows\System32\fwpuclnt.dll
0x000002a768cb0000 - 0x000002a768cb4000 	C:\javafx-sdk-24\bin\api-ms-win-core-console-l1-1-0.dll
0x000002a768dd0000 - 0x000002a768dd4000 	C:\javafx-sdk-24\bin\api-ms-win-core-console-l1-2-0.dll
0x00007ffbe45c0000 - 0x00007ffbe45ca000 	C:\Users\afour\.jdks\openjdk-24\bin\management.dll
0x000002a768de0000 - 0x000002a768de4000 	C:\javafx-sdk-24\bin\api-ms-win-core-datetime-l1-1-0.dll
0x000002a768df0000 - 0x000002a768df4000 	C:\javafx-sdk-24\bin\api-ms-win-core-debug-l1-1-0.dll
0x00007ffbe44d0000 - 0x00007ffbe44db000 	C:\Users\afour\.jdks\openjdk-24\bin\management_ext.dll
0x00007ffc0eab0000 - 0x00007ffc0eab8000 	C:\Windows\System32\PSAPI.DLL
0x000002a768e00000 - 0x000002a768e04000 	C:\javafx-sdk-24\bin\api-ms-win-core-errorhandling-l1-1-0.dll
0x000002a768e10000 - 0x000002a768e15000 	C:\javafx-sdk-24\bin\api-ms-win-core-file-l1-1-0.dll
0x000002a768e20000 - 0x000002a768e24000 	C:\javafx-sdk-24\bin\api-ms-win-core-file-l1-2-0.dll
0x000002a768e30000 - 0x000002a768e34000 	C:\javafx-sdk-24\bin\api-ms-win-core-file-l2-1-0.dll
0x000002a768e40000 - 0x000002a768e44000 	C:\javafx-sdk-24\bin\api-ms-win-core-handle-l1-1-0.dll
0x000002a768e50000 - 0x000002a768e54000 	C:\javafx-sdk-24\bin\api-ms-win-core-heap-l1-1-0.dll
0x000002a768e60000 - 0x000002a768e64000 	C:\javafx-sdk-24\bin\api-ms-win-core-interlocked-l1-1-0.dll
0x000002a768e70000 - 0x000002a768e74000 	C:\javafx-sdk-24\bin\api-ms-win-core-libraryloader-l1-1-0.dll
0x000002a768e80000 - 0x000002a768e84000 	C:\javafx-sdk-24\bin\api-ms-win-core-localization-l1-2-0.dll
0x000002a768e90000 - 0x000002a768e94000 	C:\javafx-sdk-24\bin\api-ms-win-core-memory-l1-1-0.dll
0x000002a768ea0000 - 0x000002a768ea4000 	C:\javafx-sdk-24\bin\api-ms-win-core-namedpipe-l1-1-0.dll
0x000002a768eb0000 - 0x000002a768eb4000 	C:\javafx-sdk-24\bin\api-ms-win-core-processenvironment-l1-1-0.dll
0x000002a768ec0000 - 0x000002a768ec4000 	C:\javafx-sdk-24\bin\api-ms-win-core-processthreads-l1-1-0.dll
0x000002a768ed0000 - 0x000002a768ed4000 	C:\javafx-sdk-24\bin\api-ms-win-core-processthreads-l1-1-1.dll
0x000002a768ee0000 - 0x000002a768ee4000 	C:\javafx-sdk-24\bin\api-ms-win-core-profile-l1-1-0.dll
0x000002a768ef0000 - 0x000002a768ef4000 	C:\javafx-sdk-24\bin\api-ms-win-core-rtlsupport-l1-1-0.dll
0x000002a768f00000 - 0x000002a768f04000 	C:\javafx-sdk-24\bin\api-ms-win-core-string-l1-1-0.dll
0x000002a768f10000 - 0x000002a768f14000 	C:\javafx-sdk-24\bin\api-ms-win-core-synch-l1-1-0.dll
0x000002a768f20000 - 0x000002a768f24000 	C:\javafx-sdk-24\bin\api-ms-win-core-synch-l1-2-0.dll
0x000002a768f30000 - 0x000002a768f34000 	C:\javafx-sdk-24\bin\api-ms-win-core-sysinfo-l1-1-0.dll
0x000002a768f40000 - 0x000002a768f44000 	C:\javafx-sdk-24\bin\api-ms-win-core-timezone-l1-1-0.dll
0x000002a768f50000 - 0x000002a768f54000 	C:\javafx-sdk-24\bin\api-ms-win-core-util-l1-1-0.dll
0x000002a768f60000 - 0x000002a768f64000 	C:\javafx-sdk-24\bin\api-ms-win-crt-conio-l1-1-0.dll
0x000002a768f70000 - 0x000002a768f75000 	C:\javafx-sdk-24\bin\api-ms-win-crt-convert-l1-1-0.dll
0x000002a768f80000 - 0x000002a768f84000 	C:\javafx-sdk-24\bin\api-ms-win-crt-environment-l1-1-0.dll
0x000002a768f90000 - 0x000002a768f94000 	C:\javafx-sdk-24\bin\api-ms-win-crt-filesystem-l1-1-0.dll
0x000002a768fa0000 - 0x000002a768fa4000 	C:\javafx-sdk-24\bin\api-ms-win-crt-heap-l1-1-0.dll
0x000002a768fc0000 - 0x000002a768fc4000 	C:\javafx-sdk-24\bin\api-ms-win-crt-locale-l1-1-0.dll
0x000002a768fd0000 - 0x000002a768fd6000 	C:\javafx-sdk-24\bin\api-ms-win-crt-math-l1-1-0.dll
0x000002a768fe0000 - 0x000002a768fe6000 	C:\javafx-sdk-24\bin\api-ms-win-crt-multibyte-l1-1-0.dll
0x000002a7afb10000 - 0x000002a7afb21000 	C:\javafx-sdk-24\bin\api-ms-win-crt-private-l1-1-0.dll
0x000002a768ff0000 - 0x000002a768ff4000 	C:\javafx-sdk-24\bin\api-ms-win-crt-process-l1-1-0.dll
0x000002a7afb30000 - 0x000002a7afb35000 	C:\javafx-sdk-24\bin\api-ms-win-crt-runtime-l1-1-0.dll
0x000002a7afb40000 - 0x000002a7afb45000 	C:\javafx-sdk-24\bin\api-ms-win-crt-stdio-l1-1-0.dll
0x000002a7afb50000 - 0x000002a7afb55000 	C:\javafx-sdk-24\bin\api-ms-win-crt-string-l1-1-0.dll
0x000002a7afb60000 - 0x000002a7afb64000 	C:\javafx-sdk-24\bin\api-ms-win-crt-time-l1-1-0.dll
0x000002a7afb70000 - 0x000002a7afb74000 	C:\javafx-sdk-24\bin\api-ms-win-crt-utility-l1-1-0.dll
0x00007ffbbb780000 - 0x00007ffbbb891000 	C:\javafx-sdk-24\bin\ucrtbase.dll
0x00007ffbe4120000 - 0x00007ffbe413b000 	C:\javafx-sdk-24\bin\vcruntime140.dll
0x00007ffbe4110000 - 0x00007ffbe411c000 	C:\javafx-sdk-24\bin\vcruntime140_1.dll
0x00007ffbc1b30000 - 0x00007ffbc1bbe000 	C:\javafx-sdk-24\bin\msvcp140.dll
0x00007ffbe3e50000 - 0x00007ffbe3e59000 	C:\javafx-sdk-24\bin\msvcp140_1.dll
0x00007ffbe2830000 - 0x00007ffbe2871000 	C:\javafx-sdk-24\bin\msvcp140_2.dll
0x00007ffc0bfc0000 - 0x00007ffc0bfdb000 	C:\Windows\SYSTEM32\CRYPTSP.dll
0x00007ffc0b770000 - 0x00007ffc0b7a7000 	C:\Windows\system32\rsaenh.dll
0x00007ffc0bd10000 - 0x00007ffc0bd38000 	C:\Windows\SYSTEM32\USERENV.dll
0x00007ffc0bfa0000 - 0x00007ffc0bfac000 	C:\Windows\SYSTEM32\CRYPTBASE.dll
0x00007ffbe3c40000 - 0x00007ffbe3c70000 	C:\javafx-sdk-24\bin\prism_d3d.dll
0x00007ffbbd490000 - 0x00007ffbbd638000 	C:\Windows\system32\d3d9.dll
0x00007ffc09ad0000 - 0x00007ffc09afb000 	C:\Windows\SYSTEM32\dwmapi.dll
0x00007ffc09980000 - 0x00007ffc099b7000 	C:\Windows\SYSTEM32\dxcore.dll
0x00007ffbd4f20000 - 0x00007ffbd4f37000 	C:\Windows\system32\napinsp.dll
0x00007ffbd4f00000 - 0x00007ffbd4f1b000 	C:\Windows\system32\pnrpnsp.dll
0x00007ffbd4ee0000 - 0x00007ffbd4ef1000 	C:\Windows\System32\winrnr.dll
0x00007ffbe3470000 - 0x00007ffbe3485000 	C:\Windows\system32\wshbth.dll
0x00007ffc09890000 - 0x00007ffc09943000 	C:\Windows\system32\uxtheme.dll
0x00007ffbd4eb0000 - 0x00007ffbd4ed7000 	C:\Windows\system32\nlansp_c.dll
0x00007ffc03840000 - 0x00007ffc03902000 	C:\Windows\System32\DriverStore\FileRepository\nv_dispi.inf_amd64_9d15b9aa9e1c885b\nvldumdx.dll
0x00007ffc0c010000 - 0x00007ffc0c022000 	C:\Windows\SYSTEM32\msasn1.dll
0x00007ffc04330000 - 0x00007ffc04362000 	C:\Windows\SYSTEM32\cryptnet.dll
0x00007ffc0ca30000 - 0x00007ffc0cb96000 	C:\Windows\System32\CRYPT32.dll
0x00007ffc0bef0000 - 0x00007ffc0bf3a000 	C:\Windows\SYSTEM32\wldp.dll
0x00007ffc041c0000 - 0x00007ffc04322000 	C:\Windows\SYSTEM32\drvstore.dll
0x00007ffc0c3d0000 - 0x00007ffc0c3fc000 	C:\Windows\SYSTEM32\devobj.dll
0x00007ffc0c420000 - 0x00007ffc0c46e000 	C:\Windows\SYSTEM32\cfgmgr32.dll
0x00007ffc0c830000 - 0x00007ffc0c8a2000 	C:\Windows\System32\wintrust.dll

dbghelp: loaded successfully - version: 4.0.5 - missing functions: none
symbol engine: initialized successfully - sym options: 0x614 - pdb path: .;C:\Users\afour\.jdks\openjdk-24\bin;C:\Windows\SYSTEM32;C:\Windows\WinSxS\amd64_microsoft.windows.common-controls_6595b64144ccf1df_6.0.22621.4830_none_270fe7d773858e80;C:\Users\afour\.jdks\openjdk-24\bin\server;C:\Program Files\Bonjour;C:\javafx-sdk-24\bin;C:\Windows\System32\DriverStore\FileRepository\nv_dispi.inf_amd64_9d15b9aa9e1c885b;C:\Users\afour\AppData\Local\Temp\idea_libasyncProfiler_dll_temp_folder2;C:\Program Files\Common Files\Microsoft Shared\Ink

VM Arguments:
jvm_args: --module-path=C:/javafx-sdk-24/lib --add-modules=javafx.controls,javafx.fxml --enable-native-access=javafx.graphics -javaagent:C:\Program Files\JetBrains\IntelliJ IDEA 2024.3.5\lib\idea_rt.jar=51136 -Dfile.encoding=UTF-8 -Dsun.stdout.encoding=UTF-8 -Dsun.stderr.encoding=UTF-8 
java_command: Main
java_class_path (initial): C:\Users\afour\IdeaProjects\SAE2.01\target\classes;C:\Users\afour\.m2\repository\org\openjfx\javafx-controls\17.0.6\javafx-controls-17.0.6.jar;C:\Users\afour\.m2\repository\org\openjfx\javafx-controls\17.0.6\javafx-controls-17.0.6-win.jar;C:\Users\afour\.m2\repository\org\openjfx\javafx-graphics\17.0.6\javafx-graphics-17.0.6.jar;C:\Users\afour\.m2\repository\org\openjfx\javafx-graphics\17.0.6\javafx-graphics-17.0.6-win.jar;C:\Users\afour\.m2\repository\org\openjfx\javafx-base\17.0.6\javafx-base-17.0.6.jar;C:\Users\afour\.m2\repository\org\openjfx\javafx-base\17.0.6\javafx-base-17.0.6-win.jar;C:\Users\afour\.m2\repository\org\openjfx\javafx-fxml\17.0.6\javafx-fxml-17.0.6.jar;C:\Users\afour\.m2\repository\org\openjfx\javafx-fxml\17.0.6\javafx-fxml-17.0.6-win.jar;C:\Users\afour\.m2\repository\org\controlsfx\controlsfx\11.2.1\controlsfx-11.2.1.jar;C:\Users\afour\.m2\repository\com\dlsc\formsfx\formsfx-core\11.6.0\formsfx-core-11.6.0.jar
Launcher Type: SUN_STANDARD

[Global flags]
     intx CICompilerCount                          = 12                                        {product} {ergonomic}
     uint ConcGCThreads                            = 3                                         {product} {ergonomic}
     bool FlightRecorder                           = true                                      {product} {management}
     uint G1ConcRefinementThreads                  = 13                                        {product} {ergonomic}
   size_t G1HeapRegionSize                         = 4194304                                   {product} {ergonomic}
   size_t InitialHeapSize                          = 536870912                                 {product} {ergonomic}
   size_t MarkStackSize                            = 4194304                                   {product} {ergonomic}
   size_t MarkStackSizeMax                         = 536870912                                 {product} {ergonomic}
   size_t MaxHeapSize                              = 8573157376                                {product} {ergonomic}
   size_t MaxNewSize                               = 5142216704                                {product} {ergonomic}
   size_t MinHeapDeltaBytes                        = 4194304                                   {product} {ergonomic}
   size_t MinHeapSize                              = 8388608                                   {product} {ergonomic}
    uintx NonNMethodCodeHeapSize                   = 7602176                                {pd product} {ergonomic}
    uintx NonProfiledCodeHeapSize                  = 122093568                              {pd product} {ergonomic}
    uintx ProfiledCodeHeapSize                     = 121962496                              {pd product} {ergonomic}
    uintx ReservedCodeCacheSize                    = 251658240                              {pd product} {ergonomic}
     bool SegmentedCodeCache                       = true                                      {product} {ergonomic}
   size_t SoftMaxHeapSize                          = 8573157376                             {manageable} {ergonomic}
     bool UseCompressedOops                        = true                           {product lp64_product} {ergonomic}
     bool UseG1GC                                  = true                                      {product} {ergonomic}
     bool UseLargePagesIndividualAllocation        = false                                  {pd product} {ergonomic}

Logging:
Log output configuration:
 #0: stdout all=warning uptime,level,tags foldmultilines=false
 #1: stderr all=off uptime,level,tags foldmultilines=false

Environment Variables:
PATH=C:\Windows\system32;C:\Windows;C:\Windows\System32\Wbem;C:\Windows\System32\WindowsPowerShell\v1.0\;C:\Windows\System32\OpenSSH\;C:\Program Files (x86)\NVIDIA Corporation\PhysX\Common;C:\Program Files\NVIDIA Corporation\NVIDIA app\NvDLISR;C:\Program Files\dotnet\;C:\Program Files\Git\cmd;C:\Users\afour\AppData\Local\Programs\Python\Launcher\;C:\Users\afour\AppData\Local\Programs\Python\Python311\Scripts\;C:\Users\afour\AppData\Local\Programs\Python\Python311\;C:\Users\afour\AppData\Local\Microsoft\WindowsApps;C:\Users\afour\AppData\Local\Programs\Microsoft VS Code\bin;C:\Users\afour\AppData\Local\Muse Hub\lib
USERNAME=afour
OS=Windows_NT
PROCESSOR_IDENTIFIER=AMD64 Family 25 Model 33 Stepping 2, AuthenticAMD
TMP=C:\Users\afour\AppData\Local\Temp
TEMP=C:\Users\afour\AppData\Local\Temp




Periodic native trim disabled

---------------  S Y S T E M  ---------------

OS:
 Windows 11 , 64 bit Build 22621 (10.0.22621.4974)
OS uptime: 0 days 17:03 hours
Hyper-V role detected

CPU: total 16 (initial active 16) (16 cores per cpu, 2 threads per core) family 25 model 33 stepping 2 microcode 0x0, cx8, cmov, fxsr, ht, mmx, 3dnowpref, sse, sse2, sse3, ssse3, sse4a, sse4.1, sse4.2, popcnt, lzcnt, tsc, tscinvbit, avx, avx2, aes, erms, clmul, bmi1, bmi2, adx, sha, fma, vzeroupper, clflush, clflushopt, hv, rdtscp, rdpid, fsrm, f16c, cet_ss
Processor Information for the first 16 processors :
  Max Mhz: 3001, Current Mhz: 3001, Mhz Limit: 3001

Memory: 4k page, system-wide physical 32694M (20488M free)
TotalPageFile size 34742M (AvailPageFile size 13930M)
current process WorkingSet (physical memory assigned to process): 185M, peak: 186M
current process commit charge ("private bytes"): 752M, peak: 761M

vm_info: OpenJDK 64-Bit Server VM (24+36-3646) for windows-amd64 JRE (24+36-3646), built on 2025-02-06T00:20:43Z with MS VC++ 17.6 (VS2022)

END.
